CRITICAL - 2021-11-21 09:28:57 --> Class 'App\Controllers\Paquetes_onlineModel' not found
#0 /var/www/html/proyectoModulo6/system/CodeIgniter.php(801): App\Controllers\Paquetes_online->__construct()
#1 /var/www/html/proyectoModulo6/system/CodeIgniter.php(401): CodeIgniter\CodeIgniter->createController()
#2 /var/www/html/proyectoModulo6/system/CodeIgniter.php(318): CodeIgniter\CodeIgniter->handleRequest(NULL, Object(Config\Cache), false)
#3 /var/www/html/proyectoModulo6/public/index.php(37): CodeIgniter\CodeIgniter->run()
#4 /var/www/html/proyectoModulo6/system/Commands/Server/rewrite.php(43): require_once('/var/www/html/p...')
#5 {main}
CRITICAL - 2021-11-21 09:31:11 --> Class 'App\Controllers\Paquetes_onlineModel' not found
#0 /var/www/html/proyectoModulo6/system/CodeIgniter.php(801): App\Controllers\Paquetes_online->__construct()
#1 /var/www/html/proyectoModulo6/system/CodeIgniter.php(401): CodeIgniter\CodeIgniter->createController()
#2 /var/www/html/proyectoModulo6/system/CodeIgniter.php(318): CodeIgniter\CodeIgniter->handleRequest(NULL, Object(Config\Cache), false)
#3 /var/www/html/proyectoModulo6/public/index.php(37): CodeIgniter\CodeIgniter->run()
#4 /var/www/html/proyectoModulo6/system/Commands/Server/rewrite.php(43): require_once('/var/www/html/p...')
#5 {main}
CRITICAL - 2021-11-21 09:31:12 --> Class 'App\Controllers\Paquetes_onlineModel' not found
#0 /var/www/html/proyectoModulo6/system/CodeIgniter.php(801): App\Controllers\Paquetes_online->__construct()
#1 /var/www/html/proyectoModulo6/system/CodeIgniter.php(401): CodeIgniter\CodeIgniter->createController()
#2 /var/www/html/proyectoModulo6/system/CodeIgniter.php(318): CodeIgniter\CodeIgniter->handleRequest(NULL, Object(Config\Cache), false)
#3 /var/www/html/proyectoModulo6/public/index.php(37): CodeIgniter\CodeIgniter->run()
#4 /var/www/html/proyectoModulo6/system/Commands/Server/rewrite.php(43): require_once('/var/www/html/p...')
#5 {main}
CRITICAL - 2021-11-21 09:31:12 --> Class 'App\Controllers\Paquetes_onlineModel' not found
#0 /var/www/html/proyectoModulo6/system/CodeIgniter.php(801): App\Controllers\Paquetes_online->__construct()
#1 /var/www/html/proyectoModulo6/system/CodeIgniter.php(401): CodeIgniter\CodeIgniter->createController()
#2 /var/www/html/proyectoModulo6/system/CodeIgniter.php(318): CodeIgniter\CodeIgniter->handleRequest(NULL, Object(Config\Cache), false)
#3 /var/www/html/proyectoModulo6/public/index.php(37): CodeIgniter\CodeIgniter->run()
#4 /var/www/html/proyectoModulo6/system/Commands/Server/rewrite.php(43): require_once('/var/www/html/p...')
#5 {main}
CRITICAL - 2021-11-21 09:31:36 --> Undefined variable: clientes
#0 /var/www/html/proyectoModulo6/app/Views/clientes/admin.php(42): CodeIgniter\Debug\Exceptions->errorHandler(8, 'Undefined varia...', '/var/www/html/p...', 42, Array)
#1 /var/www/html/proyectoModulo6/system/View/View.php(214): include('/var/www/html/p...')
#2 /var/www/html/proyectoModulo6/system/View/View.php(217): CodeIgniter\View\View->CodeIgniter\View\{closure}()
#3 /var/www/html/proyectoModulo6/system/Common.php(1097): CodeIgniter\View\View->render('clientes/admin', Array, true)
#4 /var/www/html/proyectoModulo6/app/Helpers/layout_helper.php(9): view('clientes/admin', Array)
#5 /var/www/html/proyectoModulo6/app/Controllers/Paquetes_online.php(32): layout('clientes/admin', Array, Array)
#6 /var/www/html/proyectoModulo6/system/CodeIgniter.php(824): App\Controllers\Paquetes_online->index()
#7 /var/www/html/proyectoModulo6/system/CodeIgniter.php(410): CodeIgniter\CodeIgniter->runController(Object(App\Controllers\Paquetes_online))
#8 /var/www/html/proyectoModulo6/system/CodeIgniter.php(318): CodeIgniter\CodeIgniter->handleRequest(NULL, Object(Config\Cache), false)
#9 /var/www/html/proyectoModulo6/public/index.php(37): CodeIgniter\CodeIgniter->run()
#10 /var/www/html/proyectoModulo6/system/Commands/Server/rewrite.php(43): require_once('/var/www/html/p...')
#11 {main}
CRITICAL - 2021-11-21 09:33:31 --> Undefined variable: table
#0 /var/www/html/proyectoModulo6/app/Views/template/admin.php(90): CodeIgniter\Debug\Exceptions->errorHandler(8, 'Undefined varia...', '/var/www/html/p...', 90, Array)
#1 /var/www/html/proyectoModulo6/system/View/View.php(214): include('/var/www/html/p...')
#2 /var/www/html/proyectoModulo6/system/View/View.php(217): CodeIgniter\View\View->CodeIgniter\View\{closure}()
#3 /var/www/html/proyectoModulo6/system/Common.php(1097): CodeIgniter\View\View->render('template/admin', Array, true)
#4 /var/www/html/proyectoModulo6/app/Helpers/layout_helper.php(9): view('template/admin', Array)
#5 /var/www/html/proyectoModulo6/app/Controllers/Paquetes_online.php(32): layout('template/admin', Array, Array)
#6 /var/www/html/proyectoModulo6/system/CodeIgniter.php(824): App\Controllers\Paquetes_online->index()
#7 /var/www/html/proyectoModulo6/system/CodeIgniter.php(410): CodeIgniter\CodeIgniter->runController(Object(App\Controllers\Paquetes_online))
#8 /var/www/html/proyectoModulo6/system/CodeIgniter.php(318): CodeIgniter\CodeIgniter->handleRequest(NULL, Object(Config\Cache), false)
#9 /var/www/html/proyectoModulo6/public/index.php(37): CodeIgniter\CodeIgniter->run()
#10 /var/www/html/proyectoModulo6/system/Commands/Server/rewrite.php(43): require_once('/var/www/html/p...')
#11 {main}
CRITICAL - 2021-11-21 09:33:32 --> Undefined variable: table
#0 /var/www/html/proyectoModulo6/app/Views/template/admin.php(90): CodeIgniter\Debug\Exceptions->errorHandler(8, 'Undefined varia...', '/var/www/html/p...', 90, Array)
#1 /var/www/html/proyectoModulo6/system/View/View.php(214): include('/var/www/html/p...')
#2 /var/www/html/proyectoModulo6/system/View/View.php(217): CodeIgniter\View\View->CodeIgniter\View\{closure}()
#3 /var/www/html/proyectoModulo6/system/Common.php(1097): CodeIgniter\View\View->render('template/admin', Array, true)
#4 /var/www/html/proyectoModulo6/app/Helpers/layout_helper.php(9): view('template/admin', Array)
#5 /var/www/html/proyectoModulo6/app/Controllers/Paquetes_online.php(32): layout('template/admin', Array, Array)
#6 /var/www/html/proyectoModulo6/system/CodeIgniter.php(824): App\Controllers\Paquetes_online->index()
#7 /var/www/html/proyectoModulo6/system/CodeIgniter.php(410): CodeIgniter\CodeIgniter->runController(Object(App\Controllers\Paquetes_online))
#8 /var/www/html/proyectoModulo6/system/CodeIgniter.php(318): CodeIgniter\CodeIgniter->handleRequest(NULL, Object(Config\Cache), false)
#9 /var/www/html/proyectoModulo6/public/index.php(37): CodeIgniter\CodeIgniter->run()
#10 /var/www/html/proyectoModulo6/system/Commands/Server/rewrite.php(43): require_once('/var/www/html/p...')
#11 {main}
CRITICAL - 2021-11-21 09:33:32 --> Undefined variable: table
#0 /var/www/html/proyectoModulo6/app/Views/template/admin.php(90): CodeIgniter\Debug\Exceptions->errorHandler(8, 'Undefined varia...', '/var/www/html/p...', 90, Array)
#1 /var/www/html/proyectoModulo6/system/View/View.php(214): include('/var/www/html/p...')
#2 /var/www/html/proyectoModulo6/system/View/View.php(217): CodeIgniter\View\View->CodeIgniter\View\{closure}()
#3 /var/www/html/proyectoModulo6/system/Common.php(1097): CodeIgniter\View\View->render('template/admin', Array, true)
#4 /var/www/html/proyectoModulo6/app/Helpers/layout_helper.php(9): view('template/admin', Array)
#5 /var/www/html/proyectoModulo6/app/Controllers/Paquetes_online.php(32): layout('template/admin', Array, Array)
#6 /var/www/html/proyectoModulo6/system/CodeIgniter.php(824): App\Controllers\Paquetes_online->index()
#7 /var/www/html/proyectoModulo6/system/CodeIgniter.php(410): CodeIgniter\CodeIgniter->runController(Object(App\Controllers\Paquetes_online))
#8 /var/www/html/proyectoModulo6/system/CodeIgniter.php(318): CodeIgniter\CodeIgniter->handleRequest(NULL, Object(Config\Cache), false)
#9 /var/www/html/proyectoModulo6/public/index.php(37): CodeIgniter\CodeIgniter->run()
#10 /var/www/html/proyectoModulo6/system/Commands/Server/rewrite.php(43): require_once('/var/www/html/p...')
#11 {main}
CRITICAL - 2021-11-21 09:33:32 --> Undefined variable: table
#0 /var/www/html/proyectoModulo6/app/Views/template/admin.php(90): CodeIgniter\Debug\Exceptions->errorHandler(8, 'Undefined varia...', '/var/www/html/p...', 90, Array)
#1 /var/www/html/proyectoModulo6/system/View/View.php(214): include('/var/www/html/p...')
#2 /var/www/html/proyectoModulo6/system/View/View.php(217): CodeIgniter\View\View->CodeIgniter\View\{closure}()
#3 /var/www/html/proyectoModulo6/system/Common.php(1097): CodeIgniter\View\View->render('template/admin', Array, true)
#4 /var/www/html/proyectoModulo6/app/Helpers/layout_helper.php(9): view('template/admin', Array)
#5 /var/www/html/proyectoModulo6/app/Controllers/Paquetes_online.php(32): layout('template/admin', Array, Array)
#6 /var/www/html/proyectoModulo6/system/CodeIgniter.php(824): App\Controllers\Paquetes_online->index()
#7 /var/www/html/proyectoModulo6/system/CodeIgniter.php(410): CodeIgniter\CodeIgniter->runController(Object(App\Controllers\Paquetes_online))
#8 /var/www/html/proyectoModulo6/system/CodeIgniter.php(318): CodeIgniter\CodeIgniter->handleRequest(NULL, Object(Config\Cache), false)
#9 /var/www/html/proyectoModulo6/public/index.php(37): CodeIgniter\CodeIgniter->run()
#10 /var/www/html/proyectoModulo6/system/Commands/Server/rewrite.php(43): require_once('/var/www/html/p...')
#11 {main}
CRITICAL - 2021-11-21 09:33:32 --> Undefined variable: table
#0 /var/www/html/proyectoModulo6/app/Views/template/admin.php(90): CodeIgniter\Debug\Exceptions->errorHandler(8, 'Undefined varia...', '/var/www/html/p...', 90, Array)
#1 /var/www/html/proyectoModulo6/system/View/View.php(214): include('/var/www/html/p...')
#2 /var/www/html/proyectoModulo6/system/View/View.php(217): CodeIgniter\View\View->CodeIgniter\View\{closure}()
#3 /var/www/html/proyectoModulo6/system/Common.php(1097): CodeIgniter\View\View->render('template/admin', Array, true)
#4 /var/www/html/proyectoModulo6/app/Helpers/layout_helper.php(9): view('template/admin', Array)
#5 /var/www/html/proyectoModulo6/app/Controllers/Paquetes_online.php(32): layout('template/admin', Array, Array)
#6 /var/www/html/proyectoModulo6/system/CodeIgniter.php(824): App\Controllers\Paquetes_online->index()
#7 /var/www/html/proyectoModulo6/system/CodeIgniter.php(410): CodeIgniter\CodeIgniter->runController(Object(App\Controllers\Paquetes_online))
#8 /var/www/html/proyectoModulo6/system/CodeIgniter.php(318): CodeIgniter\CodeIgniter->handleRequest(NULL, Object(Config\Cache), false)
#9 /var/www/html/proyectoModulo6/public/index.php(37): CodeIgniter\CodeIgniter->run()
#10 /var/www/html/proyectoModulo6/system/Commands/Server/rewrite.php(43): require_once('/var/www/html/p...')
#11 {main}
ERROR - 2021-11-21 10:03:44 --> Unknown column 'ordenes_online.deleted_at' in 'where clause'
CRITICAL - 2021-11-21 10:03:44 --> Unknown column 'ordenes_online.deleted_at' in 'where clause'
#0 /var/www/html/proyectoModulo6/system/Database/MySQLi/Connection.php(292): mysqli->query('SELECT COUNT(*)...', 0)
#1 /var/www/html/proyectoModulo6/system/Database/BaseConnection.php(670): CodeIgniter\Database\MySQLi\Connection->execute('SELECT COUNT(*)...')
#2 /var/www/html/proyectoModulo6/system/Database/BaseConnection.php(598): CodeIgniter\Database\BaseConnection->simpleQuery('SELECT COUNT(*)...')
#3 /var/www/html/proyectoModulo6/system/Database/BaseBuilder.php(1527): CodeIgniter\Database\BaseConnection->query('SELECT COUNT(*)...', Array, false)
#4 /var/www/html/proyectoModulo6/system/Model.php(509): CodeIgniter\Database\BaseBuilder->countAllResults(true)
#5 /var/www/html/proyectoModulo6/system/Model.php(592): CodeIgniter\Model->countAllResults()
#6 /var/www/html/proyectoModulo6/system/BaseModel.php(655): CodeIgniter\Model->shouldUpdate(Array)
#7 /var/www/html/proyectoModulo6/app/Controllers/Paquetes_online.php(50): CodeIgniter\BaseModel->save(Array)
#8 /var/www/html/proyectoModulo6/system/CodeIgniter.php(824): App\Controllers\Paquetes_online->store()
#9 /var/www/html/proyectoModulo6/system/CodeIgniter.php(410): CodeIgniter\CodeIgniter->runController(Object(App\Controllers\Paquetes_online))
#10 /var/www/html/proyectoModulo6/system/CodeIgniter.php(318): CodeIgniter\CodeIgniter->handleRequest(NULL, Object(Config\Cache), false)
#11 /var/www/html/proyectoModulo6/public/index.php(37): CodeIgniter\CodeIgniter->run()
#12 /var/www/html/proyectoModulo6/system/Commands/Server/rewrite.php(43): require_once('/var/www/html/p...')
#13 {main}
CRITICAL - 2021-11-21 10:04:54 --> There is no data to insert.
#0 /var/www/html/proyectoModulo6/system/BaseModel.php(718): CodeIgniter\Database\Exceptions\DataException::forEmptyDataset('insert')
#1 /var/www/html/proyectoModulo6/system/Model.php(620): CodeIgniter\BaseModel->insert(Array, false)
#2 /var/www/html/proyectoModulo6/system/BaseModel.php(658): CodeIgniter\Model->insert(Array, false)
#3 /var/www/html/proyectoModulo6/app/Controllers/Paquetes_online.php(50): CodeIgniter\BaseModel->save(Array)
#4 /var/www/html/proyectoModulo6/system/CodeIgniter.php(824): App\Controllers\Paquetes_online->store()
#5 /var/www/html/proyectoModulo6/system/CodeIgniter.php(410): CodeIgniter\CodeIgniter->runController(Object(App\Controllers\Paquetes_online))
#6 /var/www/html/proyectoModulo6/system/CodeIgniter.php(318): CodeIgniter\CodeIgniter->handleRequest(NULL, Object(Config\Cache), false)
#7 /var/www/html/proyectoModulo6/public/index.php(37): CodeIgniter\CodeIgniter->run()
#8 /var/www/html/proyectoModulo6/system/Commands/Server/rewrite.php(43): require_once('/var/www/html/p...')
#9 {main}
CRITICAL - 2021-11-21 10:09:31 --> Undefined variable: table
#0 /var/www/html/proyectoModulo6/app/Views/template/admin.php(90): CodeIgniter\Debug\Exceptions->errorHandler(8, 'Undefined varia...', '/var/www/html/p...', 90, Array)
#1 /var/www/html/proyectoModulo6/system/View/View.php(214): include('/var/www/html/p...')
#2 /var/www/html/proyectoModulo6/system/View/View.php(217): CodeIgniter\View\View->CodeIgniter\View\{closure}()
#3 /var/www/html/proyectoModulo6/system/Common.php(1097): CodeIgniter\View\View->render('template/admin', Array, true)
#4 /var/www/html/proyectoModulo6/app/Helpers/layout_helper.php(9): view('template/admin', Array)
#5 /var/www/html/proyectoModulo6/app/Controllers/Paquetes_online.php(32): layout('template/admin', Array, Array)
#6 /var/www/html/proyectoModulo6/system/CodeIgniter.php(824): App\Controllers\Paquetes_online->index()
#7 /var/www/html/proyectoModulo6/system/CodeIgniter.php(410): CodeIgniter\CodeIgniter->runController(Object(App\Controllers\Paquetes_online))
#8 /var/www/html/proyectoModulo6/system/CodeIgniter.php(318): CodeIgniter\CodeIgniter->handleRequest(NULL, Object(Config\Cache), false)
#9 /var/www/html/proyectoModulo6/public/index.php(37): CodeIgniter\CodeIgniter->run()
#10 /var/www/html/proyectoModulo6/system/Commands/Server/rewrite.php(43): require_once('/var/www/html/p...')
#11 {main}
ERROR - 2021-11-21 10:16:57 --> Unknown column 'precio' in 'field list'
CRITICAL - 2021-11-21 10:16:57 --> Unknown column 'precio' in 'field list'
#0 /var/www/html/proyectoModulo6/system/Database/MySQLi/Connection.php(292): mysqli->query('INSERT INTO `or...', 0)
#1 /var/www/html/proyectoModulo6/system/Database/BaseConnection.php(670): CodeIgniter\Database\MySQLi\Connection->execute('INSERT INTO `or...')
#2 /var/www/html/proyectoModulo6/system/Database/BaseConnection.php(598): CodeIgniter\Database\BaseConnection->simpleQuery('INSERT INTO `or...')
#3 /var/www/html/proyectoModulo6/system/Database/BaseBuilder.php(1759): CodeIgniter\Database\BaseConnection->query('INSERT INTO `or...', Array, false)
#4 /var/www/html/proyectoModulo6/system/Model.php(239): CodeIgniter\Database\BaseBuilder->insert()
#5 /var/www/html/proyectoModulo6/system/BaseModel.php(738): CodeIgniter\Model->doInsert(Array)
#6 /var/www/html/proyectoModulo6/system/Model.php(620): CodeIgniter\BaseModel->insert(Array, false)
#7 /var/www/html/proyectoModulo6/system/BaseModel.php(658): CodeIgniter\Model->insert(Array, false)
#8 /var/www/html/proyectoModulo6/app/Controllers/Paquetes_online.php(51): CodeIgniter\BaseModel->save(Array)
#9 /var/www/html/proyectoModulo6/system/CodeIgniter.php(824): App\Controllers\Paquetes_online->store()
#10 /var/www/html/proyectoModulo6/system/CodeIgniter.php(410): CodeIgniter\CodeIgniter->runController(Object(App\Controllers\Paquetes_online))
#11 /var/www/html/proyectoModulo6/system/CodeIgniter.php(318): CodeIgniter\CodeIgniter->handleRequest(NULL, Object(Config\Cache), false)
#12 /var/www/html/proyectoModulo6/public/index.php(37): CodeIgniter\CodeIgniter->run()
#13 /var/www/html/proyectoModulo6/system/Commands/Server/rewrite.php(43): require_once('/var/www/html/p...')
#14 {main}
ERROR - 2021-11-21 10:17:25 --> Unknown column 'precio' in 'field list'
CRITICAL - 2021-11-21 10:17:25 --> Unknown column 'precio' in 'field list'
#0 /var/www/html/proyectoModulo6/system/Database/MySQLi/Connection.php(292): mysqli->query('INSERT INTO `or...', 0)
#1 /var/www/html/proyectoModulo6/system/Database/BaseConnection.php(670): CodeIgniter\Database\MySQLi\Connection->execute('INSERT INTO `or...')
#2 /var/www/html/proyectoModulo6/system/Database/BaseConnection.php(598): CodeIgniter\Database\BaseConnection->simpleQuery('INSERT INTO `or...')
#3 /var/www/html/proyectoModulo6/system/Database/BaseBuilder.php(1759): CodeIgniter\Database\BaseConnection->query('INSERT INTO `or...', Array, false)
#4 /var/www/html/proyectoModulo6/system/Model.php(239): CodeIgniter\Database\BaseBuilder->insert()
#5 /var/www/html/proyectoModulo6/system/BaseModel.php(738): CodeIgniter\Model->doInsert(Array)
#6 /var/www/html/proyectoModulo6/system/Model.php(620): CodeIgniter\BaseModel->insert(Array, false)
#7 /var/www/html/proyectoModulo6/system/BaseModel.php(658): CodeIgniter\Model->insert(Array, false)
#8 /var/www/html/proyectoModulo6/app/Controllers/Paquetes_online.php(51): CodeIgniter\BaseModel->save(Array)
#9 /var/www/html/proyectoModulo6/system/CodeIgniter.php(824): App\Controllers\Paquetes_online->store()
#10 /var/www/html/proyectoModulo6/system/CodeIgniter.php(410): CodeIgniter\CodeIgniter->runController(Object(App\Controllers\Paquetes_online))
#11 /var/www/html/proyectoModulo6/system/CodeIgniter.php(318): CodeIgniter\CodeIgniter->handleRequest(NULL, Object(Config\Cache), false)
#12 /var/www/html/proyectoModulo6/public/index.php(37): CodeIgniter\CodeIgniter->run()
#13 /var/www/html/proyectoModulo6/system/Commands/Server/rewrite.php(43): require_once('/var/www/html/p...')
#14 {main}
ERROR - 2021-11-21 10:17:40 --> Cannot add or update a child row: a foreign key constraint fails (`glenda_express`.`ordenes_online`, CONSTRAINT `ordenes_online_ibfk_1` FOREIGN KEY (`id_usuario`) REFERENCES `usuario` (`id`))
CRITICAL - 2021-11-21 10:17:40 --> Cannot add or update a child row: a foreign key constraint fails (`glenda_express`.`ordenes_online`, CONSTRAINT `ordenes_online_ibfk_1` FOREIGN KEY (`id_usuario`) REFERENCES `usuario` (`id`))
#0 /var/www/html/proyectoModulo6/system/Database/MySQLi/Connection.php(292): mysqli->query('INSERT INTO `or...', 0)
#1 /var/www/html/proyectoModulo6/system/Database/BaseConnection.php(670): CodeIgniter\Database\MySQLi\Connection->execute('INSERT INTO `or...')
#2 /var/www/html/proyectoModulo6/system/Database/BaseConnection.php(598): CodeIgniter\Database\BaseConnection->simpleQuery('INSERT INTO `or...')
#3 /var/www/html/proyectoModulo6/system/Database/BaseBuilder.php(1759): CodeIgniter\Database\BaseConnection->query('INSERT INTO `or...', Array, false)
#4 /var/www/html/proyectoModulo6/system/Model.php(239): CodeIgniter\Database\BaseBuilder->insert()
#5 /var/www/html/proyectoModulo6/system/BaseModel.php(738): CodeIgniter\Model->doInsert(Array)
#6 /var/www/html/proyectoModulo6/system/Model.php(620): CodeIgniter\BaseModel->insert(Array, false)
#7 /var/www/html/proyectoModulo6/system/BaseModel.php(658): CodeIgniter\Model->insert(Array, false)
#8 /var/www/html/proyectoModulo6/app/Controllers/Paquetes_online.php(51): CodeIgniter\BaseModel->save(Array)
#9 /var/www/html/proyectoModulo6/system/CodeIgniter.php(824): App\Controllers\Paquetes_online->store()
#10 /var/www/html/proyectoModulo6/system/CodeIgniter.php(410): CodeIgniter\CodeIgniter->runController(Object(App\Controllers\Paquetes_online))
#11 /var/www/html/proyectoModulo6/system/CodeIgniter.php(318): CodeIgniter\CodeIgniter->handleRequest(NULL, Object(Config\Cache), false)
#12 /var/www/html/proyectoModulo6/public/index.php(37): CodeIgniter\CodeIgniter->run()
#13 /var/www/html/proyectoModulo6/system/Commands/Server/rewrite.php(43): require_once('/var/www/html/p...')
#14 {main}
ERROR - 2021-11-21 10:22:01 --> Cannot add or update a child row: a foreign key constraint fails (`glenda_express`.`ordenes_online`, CONSTRAINT `ordenes_online_ibfk_1` FOREIGN KEY (`id_usuario`) REFERENCES `usuario` (`id`))
CRITICAL - 2021-11-21 10:22:01 --> Cannot add or update a child row: a foreign key constraint fails (`glenda_express`.`ordenes_online`, CONSTRAINT `ordenes_online_ibfk_1` FOREIGN KEY (`id_usuario`) REFERENCES `usuario` (`id`))
#0 /var/www/html/proyectoModulo6/system/Database/MySQLi/Connection.php(292): mysqli->query('INSERT INTO `or...', 0)
#1 /var/www/html/proyectoModulo6/system/Database/BaseConnection.php(670): CodeIgniter\Database\MySQLi\Connection->execute('INSERT INTO `or...')
#2 /var/www/html/proyectoModulo6/system/Database/BaseConnection.php(598): CodeIgniter\Database\BaseConnection->simpleQuery('INSERT INTO `or...')
#3 /var/www/html/proyectoModulo6/system/Database/BaseBuilder.php(1759): CodeIgniter\Database\BaseConnection->query('INSERT INTO `or...', Array, false)
#4 /var/www/html/proyectoModulo6/system/Model.php(239): CodeIgniter\Database\BaseBuilder->insert()
#5 /var/www/html/proyectoModulo6/system/BaseModel.php(738): CodeIgniter\Model->doInsert(Array)
#6 /var/www/html/proyectoModulo6/system/Model.php(620): CodeIgniter\BaseModel->insert(Array, false)
#7 /var/www/html/proyectoModulo6/system/BaseModel.php(658): CodeIgniter\Model->insert(Array, false)
#8 /var/www/html/proyectoModulo6/app/Controllers/Paquetes_online.php(53): CodeIgniter\BaseModel->save(Array)
#9 /var/www/html/proyectoModulo6/system/CodeIgniter.php(824): App\Controllers\Paquetes_online->store()
#10 /var/www/html/proyectoModulo6/system/CodeIgniter.php(410): CodeIgniter\CodeIgniter->runController(Object(App\Controllers\Paquetes_online))
#11 /var/www/html/proyectoModulo6/system/CodeIgniter.php(318): CodeIgniter\CodeIgniter->handleRequest(NULL, Object(Config\Cache), false)
#12 /var/www/html/proyectoModulo6/public/index.php(37): CodeIgniter\CodeIgniter->run()
#13 /var/www/html/proyectoModulo6/system/Commands/Server/rewrite.php(43): require_once('/var/www/html/p...')
#14 {main}
CRITICAL - 2021-11-21 10:22:32 --> Attempt to assign property 'id_usuario' of non-object
#0 /var/www/html/proyectoModulo6/app/Controllers/Paquetes_online.php(50): CodeIgniter\Debug\Exceptions->errorHandler(2, 'Attempt to assi...', '/var/www/html/p...', 50, Array)
#1 /var/www/html/proyectoModulo6/system/CodeIgniter.php(824): App\Controllers\Paquetes_online->store()
#2 /var/www/html/proyectoModulo6/system/CodeIgniter.php(410): CodeIgniter\CodeIgniter->runController(Object(App\Controllers\Paquetes_online))
#3 /var/www/html/proyectoModulo6/system/CodeIgniter.php(318): CodeIgniter\CodeIgniter->handleRequest(NULL, Object(Config\Cache), false)
#4 /var/www/html/proyectoModulo6/public/index.php(37): CodeIgniter\CodeIgniter->run()
#5 /var/www/html/proyectoModulo6/system/Commands/Server/rewrite.php(43): require_once('/var/www/html/p...')
#6 {main}
ERROR - 2021-11-21 10:22:52 --> Cannot add or update a child row: a foreign key constraint fails (`glenda_express`.`ordenes_online`, CONSTRAINT `ordenes_online_ibfk_1` FOREIGN KEY (`id_usuario`) REFERENCES `usuario` (`id`))
CRITICAL - 2021-11-21 10:22:52 --> Cannot add or update a child row: a foreign key constraint fails (`glenda_express`.`ordenes_online`, CONSTRAINT `ordenes_online_ibfk_1` FOREIGN KEY (`id_usuario`) REFERENCES `usuario` (`id`))
#0 /var/www/html/proyectoModulo6/system/Database/MySQLi/Connection.php(292): mysqli->query('INSERT INTO `or...', 0)
#1 /var/www/html/proyectoModulo6/system/Database/BaseConnection.php(670): CodeIgniter\Database\MySQLi\Connection->execute('INSERT INTO `or...')
#2 /var/www/html/proyectoModulo6/system/Database/BaseConnection.php(598): CodeIgniter\Database\BaseConnection->simpleQuery('INSERT INTO `or...')
#3 /var/www/html/proyectoModulo6/system/Database/BaseBuilder.php(1759): CodeIgniter\Database\BaseConnection->query('INSERT INTO `or...', Array, false)
#4 /var/www/html/proyectoModulo6/system/Model.php(239): CodeIgniter\Database\BaseBuilder->insert()
#5 /var/www/html/proyectoModulo6/system/BaseModel.php(738): CodeIgniter\Model->doInsert(Array)
#6 /var/www/html/proyectoModulo6/system/Model.php(620): CodeIgniter\BaseModel->insert(Array, false)
#7 /var/www/html/proyectoModulo6/system/BaseModel.php(658): CodeIgniter\Model->insert(Array, false)
#8 /var/www/html/proyectoModulo6/app/Controllers/Paquetes_online.php(54): CodeIgniter\BaseModel->save(Array)
#9 /var/www/html/proyectoModulo6/system/CodeIgniter.php(824): App\Controllers\Paquetes_online->store()
#10 /var/www/html/proyectoModulo6/system/CodeIgniter.php(410): CodeIgniter\CodeIgniter->runController(Object(App\Controllers\Paquetes_online))
#11 /var/www/html/proyectoModulo6/system/CodeIgniter.php(318): CodeIgniter\CodeIgniter->handleRequest(NULL, Object(Config\Cache), false)
#12 /var/www/html/proyectoModulo6/public/index.php(37): CodeIgniter\CodeIgniter->run()
#13 /var/www/html/proyectoModulo6/system/Commands/Server/rewrite.php(43): require_once('/var/www/html/p...')
#14 {main}
CRITICAL - 2021-11-21 22:32:43 --> Undefined variable: table
#0 /var/www/html/proyectoModulo6/app/Views/template/admin.php(90): CodeIgniter\Debug\Exceptions->errorHandler(8, 'Undefined varia...', '/var/www/html/p...', 90, Array)
#1 /var/www/html/proyectoModulo6/system/View/View.php(214): include('/var/www/html/p...')
#2 /var/www/html/proyectoModulo6/system/View/View.php(217): CodeIgniter\View\View->CodeIgniter\View\{closure}()
#3 /var/www/html/proyectoModulo6/system/Common.php(1097): CodeIgniter\View\View->render('template/admin', Array, true)
#4 /var/www/html/proyectoModulo6/app/Helpers/layout_helper.php(9): view('template/admin', Array)
#5 /var/www/html/proyectoModulo6/app/Controllers/Paquetes_online.php(32): layout('template/admin', Array, Array)
#6 /var/www/html/proyectoModulo6/system/CodeIgniter.php(824): App\Controllers\Paquetes_online->index()
#7 /var/www/html/proyectoModulo6/system/CodeIgniter.php(410): CodeIgniter\CodeIgniter->runController(Object(App\Controllers\Paquetes_online))
#8 /var/www/html/proyectoModulo6/system/CodeIgniter.php(318): CodeIgniter\CodeIgniter->handleRequest(NULL, Object(Config\Cache), false)
#9 /var/www/html/proyectoModulo6/public/index.php(37): CodeIgniter\CodeIgniter->run()
#10 /var/www/html/proyectoModulo6/system/Commands/Server/rewrite.php(43): require_once('/var/www/html/p...')
#11 {main}
CRITICAL - 2021-11-21 22:32:49 --> Undefined variable: table
#0 /var/www/html/proyectoModulo6/app/Views/template/admin.php(90): CodeIgniter\Debug\Exceptions->errorHandler(8, 'Undefined varia...', '/var/www/html/p...', 90, Array)
#1 /var/www/html/proyectoModulo6/system/View/View.php(214): include('/var/www/html/p...')
#2 /var/www/html/proyectoModulo6/system/View/View.php(217): CodeIgniter\View\View->CodeIgniter\View\{closure}()
#3 /var/www/html/proyectoModulo6/system/Common.php(1097): CodeIgniter\View\View->render('template/admin', Array, true)
#4 /var/www/html/proyectoModulo6/app/Helpers/layout_helper.php(9): view('template/admin', Array)
#5 /var/www/html/proyectoModulo6/app/Controllers/Paquetes_online.php(32): layout('template/admin', Array, Array)
#6 /var/www/html/proyectoModulo6/system/CodeIgniter.php(824): App\Controllers\Paquetes_online->index()
#7 /var/www/html/proyectoModulo6/system/CodeIgniter.php(410): CodeIgniter\CodeIgniter->runController(Object(App\Controllers\Paquetes_online))
#8 /var/www/html/proyectoModulo6/system/CodeIgniter.php(318): CodeIgniter\CodeIgniter->handleRequest(NULL, Object(Config\Cache), false)
#9 /var/www/html/proyectoModulo6/public/index.php(37): CodeIgniter\CodeIgniter->run()
#10 /var/www/html/proyectoModulo6/system/Commands/Server/rewrite.php(43): require_once('/var/www/html/p...')
#11 {main}
CRITICAL - 2021-11-21 22:32:51 --> Undefined variable: table
#0 /var/www/html/proyectoModulo6/app/Views/template/admin.php(90): CodeIgniter\Debug\Exceptions->errorHandler(8, 'Undefined varia...', '/var/www/html/p...', 90, Array)
#1 /var/www/html/proyectoModulo6/system/View/View.php(214): include('/var/www/html/p...')
#2 /var/www/html/proyectoModulo6/system/View/View.php(217): CodeIgniter\View\View->CodeIgniter\View\{closure}()
#3 /var/www/html/proyectoModulo6/system/Common.php(1097): CodeIgniter\View\View->render('template/admin', Array, true)
#4 /var/www/html/proyectoModulo6/app/Helpers/layout_helper.php(9): view('template/admin', Array)
#5 /var/www/html/proyectoModulo6/app/Controllers/Paquetes_online.php(32): layout('template/admin', Array, Array)
#6 /var/www/html/proyectoModulo6/system/CodeIgniter.php(824): App\Controllers\Paquetes_online->index()
#7 /var/www/html/proyectoModulo6/system/CodeIgniter.php(410): CodeIgniter\CodeIgniter->runController(Object(App\Controllers\Paquetes_online))
#8 /var/www/html/proyectoModulo6/system/CodeIgniter.php(318): CodeIgniter\CodeIgniter->handleRequest(NULL, Object(Config\Cache), false)
#9 /var/www/html/proyectoModulo6/public/index.php(37): CodeIgniter\CodeIgniter->run()
#10 /var/www/html/proyectoModulo6/system/Commands/Server/rewrite.php(43): require_once('/var/www/html/p...')
#11 {main}
CRITICAL - 2021-11-21 22:32:51 --> Undefined variable: table
#0 /var/www/html/proyectoModulo6/app/Views/template/admin.php(90): CodeIgniter\Debug\Exceptions->errorHandler(8, 'Undefined varia...', '/var/www/html/p...', 90, Array)
#1 /var/www/html/proyectoModulo6/system/View/View.php(214): include('/var/www/html/p...')
#2 /var/www/html/proyectoModulo6/system/View/View.php(217): CodeIgniter\View\View->CodeIgniter\View\{closure}()
#3 /var/www/html/proyectoModulo6/system/Common.php(1097): CodeIgniter\View\View->render('template/admin', Array, true)
#4 /var/www/html/proyectoModulo6/app/Helpers/layout_helper.php(9): view('template/admin', Array)
#5 /var/www/html/proyectoModulo6/app/Controllers/Paquetes_online.php(32): layout('template/admin', Array, Array)
#6 /var/www/html/proyectoModulo6/system/CodeIgniter.php(824): App\Controllers\Paquetes_online->index()
#7 /var/www/html/proyectoModulo6/system/CodeIgniter.php(410): CodeIgniter\CodeIgniter->runController(Object(App\Controllers\Paquetes_online))
#8 /var/www/html/proyectoModulo6/system/CodeIgniter.php(318): CodeIgniter\CodeIgniter->handleRequest(NULL, Object(Config\Cache), false)
#9 /var/www/html/proyectoModulo6/public/index.php(37): CodeIgniter\CodeIgniter->run()
#10 /var/www/html/proyectoModulo6/system/Commands/Server/rewrite.php(43): require_once('/var/www/html/p...')
#11 {main}
CRITICAL - 2021-11-21 22:32:51 --> Undefined variable: table
#0 /var/www/html/proyectoModulo6/app/Views/template/admin.php(90): CodeIgniter\Debug\Exceptions->errorHandler(8, 'Undefined varia...', '/var/www/html/p...', 90, Array)
#1 /var/www/html/proyectoModulo6/system/View/View.php(214): include('/var/www/html/p...')
#2 /var/www/html/proyectoModulo6/system/View/View.php(217): CodeIgniter\View\View->CodeIgniter\View\{closure}()
#3 /var/www/html/proyectoModulo6/system/Common.php(1097): CodeIgniter\View\View->render('template/admin', Array, true)
#4 /var/www/html/proyectoModulo6/app/Helpers/layout_helper.php(9): view('template/admin', Array)
#5 /var/www/html/proyectoModulo6/app/Controllers/Paquetes_online.php(32): layout('template/admin', Array, Array)
#6 /var/www/html/proyectoModulo6/system/CodeIgniter.php(824): App\Controllers\Paquetes_online->index()
#7 /var/www/html/proyectoModulo6/system/CodeIgniter.php(410): CodeIgniter\CodeIgniter->runController(Object(App\Controllers\Paquetes_online))
#8 /var/www/html/proyectoModulo6/system/CodeIgniter.php(318): CodeIgniter\CodeIgniter->handleRequest(NULL, Object(Config\Cache), false)
#9 /var/www/html/proyectoModulo6/public/index.php(37): CodeIgniter\CodeIgniter->run()
#10 /var/www/html/proyectoModulo6/system/Commands/Server/rewrite.php(43): require_once('/var/www/html/p...')
#11 {main}
CRITICAL - 2021-11-21 22:32:51 --> Undefined variable: table
#0 /var/www/html/proyectoModulo6/app/Views/template/admin.php(90): CodeIgniter\Debug\Exceptions->errorHandler(8, 'Undefined varia...', '/var/www/html/p...', 90, Array)
#1 /var/www/html/proyectoModulo6/system/View/View.php(214): include('/var/www/html/p...')
#2 /var/www/html/proyectoModulo6/system/View/View.php(217): CodeIgniter\View\View->CodeIgniter\View\{closure}()
#3 /var/www/html/proyectoModulo6/system/Common.php(1097): CodeIgniter\View\View->render('template/admin', Array, true)
#4 /var/www/html/proyectoModulo6/app/Helpers/layout_helper.php(9): view('template/admin', Array)
#5 /var/www/html/proyectoModulo6/app/Controllers/Paquetes_online.php(32): layout('template/admin', Array, Array)
#6 /var/www/html/proyectoModulo6/system/CodeIgniter.php(824): App\Controllers\Paquetes_online->index()
#7 /var/www/html/proyectoModulo6/system/CodeIgniter.php(410): CodeIgniter\CodeIgniter->runController(Object(App\Controllers\Paquetes_online))
#8 /var/www/html/proyectoModulo6/system/CodeIgniter.php(318): CodeIgniter\CodeIgniter->handleRequest(NULL, Object(Config\Cache), false)
#9 /var/www/html/proyectoModulo6/public/index.php(37): CodeIgniter\CodeIgniter->run()
#10 /var/www/html/proyectoModulo6/system/Commands/Server/rewrite.php(43): require_once('/var/www/html/p...')
#11 {main}
CRITICAL - 2021-11-21 22:32:53 --> Undefined variable: table
#0 /var/www/html/proyectoModulo6/app/Views/template/admin.php(90): CodeIgniter\Debug\Exceptions->errorHandler(8, 'Undefined varia...', '/var/www/html/p...', 90, Array)
#1 /var/www/html/proyectoModulo6/system/View/View.php(214): include('/var/www/html/p...')
#2 /var/www/html/proyectoModulo6/system/View/View.php(217): CodeIgniter\View\View->CodeIgniter\View\{closure}()
#3 /var/www/html/proyectoModulo6/system/Common.php(1097): CodeIgniter\View\View->render('template/admin', Array, true)
#4 /var/www/html/proyectoModulo6/app/Helpers/layout_helper.php(9): view('template/admin', Array)
#5 /var/www/html/proyectoModulo6/app/Controllers/Paquetes_online.php(32): layout('template/admin', Array, Array)
#6 /var/www/html/proyectoModulo6/system/CodeIgniter.php(824): App\Controllers\Paquetes_online->index()
#7 /var/www/html/proyectoModulo6/system/CodeIgniter.php(410): CodeIgniter\CodeIgniter->runController(Object(App\Controllers\Paquetes_online))
#8 /var/www/html/proyectoModulo6/system/CodeIgniter.php(318): CodeIgniter\CodeIgniter->handleRequest(NULL, Object(Config\Cache), false)
#9 /var/www/html/proyectoModulo6/public/index.php(37): CodeIgniter\CodeIgniter->run()
#10 /var/www/html/proyectoModulo6/system/Commands/Server/rewrite.php(43): require_once('/var/www/html/p...')
#11 {main}
