CRITICAL - 2021-11-17 14:16:23 --> Class 'App\Controllers\CI_Controller' not found
#0 /var/www/html/proyectoModulo6/system/Autoloader/Autoloader.php(264): include_once()
#1 /var/www/html/proyectoModulo6/system/Autoloader/Autoloader.php(241): CodeIgniter\Autoloader\Autoloader->includeFile('/var/www/html/p...')
#2 /var/www/html/proyectoModulo6/system/Autoloader/Autoloader.php(219): CodeIgniter\Autoloader\Autoloader->loadInNamespace('App\\Controllers...')
#3 [internal function]: CodeIgniter\Autoloader\Autoloader->loadClass('App\\Controllers...')
#4 [internal function]: spl_autoload_call('App\\Controllers...')
#5 /var/www/html/proyectoModulo6/system/CodeIgniter.php(789): class_exists('\\App\\Controller...', true)
#6 /var/www/html/proyectoModulo6/system/CodeIgniter.php(397): CodeIgniter\CodeIgniter->startController()
#7 /var/www/html/proyectoModulo6/system/CodeIgniter.php(318): CodeIgniter\CodeIgniter->handleRequest(NULL, Object(Config\Cache), false)
#8 /var/www/html/proyectoModulo6/public/index.php(37): CodeIgniter\CodeIgniter->run()
#9 /var/www/html/proyectoModulo6/system/Commands/Server/rewrite.php(43): require_once('/var/www/html/p...')
#10 {main}
CRITICAL - 2021-11-17 14:16:24 --> Class 'App\Controllers\CI_Controller' not found
#0 /var/www/html/proyectoModulo6/system/Autoloader/Autoloader.php(264): include_once()
#1 /var/www/html/proyectoModulo6/system/Autoloader/Autoloader.php(241): CodeIgniter\Autoloader\Autoloader->includeFile('/var/www/html/p...')
#2 /var/www/html/proyectoModulo6/system/Autoloader/Autoloader.php(219): CodeIgniter\Autoloader\Autoloader->loadInNamespace('App\\Controllers...')
#3 [internal function]: CodeIgniter\Autoloader\Autoloader->loadClass('App\\Controllers...')
#4 [internal function]: spl_autoload_call('App\\Controllers...')
#5 /var/www/html/proyectoModulo6/system/CodeIgniter.php(789): class_exists('\\App\\Controller...', true)
#6 /var/www/html/proyectoModulo6/system/CodeIgniter.php(397): CodeIgniter\CodeIgniter->startController()
#7 /var/www/html/proyectoModulo6/system/CodeIgniter.php(318): CodeIgniter\CodeIgniter->handleRequest(NULL, Object(Config\Cache), false)
#8 /var/www/html/proyectoModulo6/public/index.php(37): CodeIgniter\CodeIgniter->run()
#9 /var/www/html/proyectoModulo6/system/Commands/Server/rewrite.php(43): require_once('/var/www/html/p...')
#10 {main}
CRITICAL - 2021-11-17 14:16:24 --> Class 'App\Controllers\CI_Controller' not found
#0 /var/www/html/proyectoModulo6/system/Autoloader/Autoloader.php(264): include_once()
#1 /var/www/html/proyectoModulo6/system/Autoloader/Autoloader.php(241): CodeIgniter\Autoloader\Autoloader->includeFile('/var/www/html/p...')
#2 /var/www/html/proyectoModulo6/system/Autoloader/Autoloader.php(219): CodeIgniter\Autoloader\Autoloader->loadInNamespace('App\\Controllers...')
#3 [internal function]: CodeIgniter\Autoloader\Autoloader->loadClass('App\\Controllers...')
#4 [internal function]: spl_autoload_call('App\\Controllers...')
#5 /var/www/html/proyectoModulo6/system/CodeIgniter.php(789): class_exists('\\App\\Controller...', true)
#6 /var/www/html/proyectoModulo6/system/CodeIgniter.php(397): CodeIgniter\CodeIgniter->startController()
#7 /var/www/html/proyectoModulo6/system/CodeIgniter.php(318): CodeIgniter\CodeIgniter->handleRequest(NULL, Object(Config\Cache), false)
#8 /var/www/html/proyectoModulo6/public/index.php(37): CodeIgniter\CodeIgniter->run()
#9 /var/www/html/proyectoModulo6/system/Commands/Server/rewrite.php(43): require_once('/var/www/html/p...')
#10 {main}
CRITICAL - 2021-11-17 14:16:24 --> Class 'App\Controllers\CI_Controller' not found
#0 /var/www/html/proyectoModulo6/system/Autoloader/Autoloader.php(264): include_once()
#1 /var/www/html/proyectoModulo6/system/Autoloader/Autoloader.php(241): CodeIgniter\Autoloader\Autoloader->includeFile('/var/www/html/p...')
#2 /var/www/html/proyectoModulo6/system/Autoloader/Autoloader.php(219): CodeIgniter\Autoloader\Autoloader->loadInNamespace('App\\Controllers...')
#3 [internal function]: CodeIgniter\Autoloader\Autoloader->loadClass('App\\Controllers...')
#4 [internal function]: spl_autoload_call('App\\Controllers...')
#5 /var/www/html/proyectoModulo6/system/CodeIgniter.php(789): class_exists('\\App\\Controller...', true)
#6 /var/www/html/proyectoModulo6/system/CodeIgniter.php(397): CodeIgniter\CodeIgniter->startController()
#7 /var/www/html/proyectoModulo6/system/CodeIgniter.php(318): CodeIgniter\CodeIgniter->handleRequest(NULL, Object(Config\Cache), false)
#8 /var/www/html/proyectoModulo6/public/index.php(37): CodeIgniter\CodeIgniter->run()
#9 /var/www/html/proyectoModulo6/system/Commands/Server/rewrite.php(43): require_once('/var/www/html/p...')
#10 {main}
CRITICAL - 2021-11-17 14:17:02 --> Class 'App\Controllers\CI_Controller' not found
#0 /var/www/html/proyectoModulo6/system/Autoloader/Autoloader.php(264): include_once()
#1 /var/www/html/proyectoModulo6/system/Autoloader/Autoloader.php(241): CodeIgniter\Autoloader\Autoloader->includeFile('/var/www/html/p...')
#2 /var/www/html/proyectoModulo6/system/Autoloader/Autoloader.php(219): CodeIgniter\Autoloader\Autoloader->loadInNamespace('App\\Controllers...')
#3 [internal function]: CodeIgniter\Autoloader\Autoloader->loadClass('App\\Controllers...')
#4 [internal function]: spl_autoload_call('App\\Controllers...')
#5 /var/www/html/proyectoModulo6/system/CodeIgniter.php(789): class_exists('\\App\\Controller...', true)
#6 /var/www/html/proyectoModulo6/system/CodeIgniter.php(397): CodeIgniter\CodeIgniter->startController()
#7 /var/www/html/proyectoModulo6/system/CodeIgniter.php(318): CodeIgniter\CodeIgniter->handleRequest(NULL, Object(Config\Cache), false)
#8 /var/www/html/proyectoModulo6/public/index.php(37): CodeIgniter\CodeIgniter->run()
#9 /var/www/html/proyectoModulo6/system/Commands/Server/rewrite.php(43): require_once('/var/www/html/p...')
#10 {main}
CRITICAL - 2021-11-17 14:17:25 --> Undefined property: App\Controllers\Inicio::$session
#0 /var/www/html/proyectoModulo6/app/Controllers/Inicio.php(7): CodeIgniter\Debug\Exceptions->errorHandler(8, 'Undefined prope...', '/var/www/html/p...', 7, Array)
#1 /var/www/html/proyectoModulo6/system/CodeIgniter.php(824): App\Controllers\Inicio->index()
#2 /var/www/html/proyectoModulo6/system/CodeIgniter.php(410): CodeIgniter\CodeIgniter->runController(Object(App\Controllers\Inicio))
#3 /var/www/html/proyectoModulo6/system/CodeIgniter.php(318): CodeIgniter\CodeIgniter->handleRequest(NULL, Object(Config\Cache), false)
#4 /var/www/html/proyectoModulo6/public/index.php(37): CodeIgniter\CodeIgniter->run()
#5 /var/www/html/proyectoModulo6/system/Commands/Server/rewrite.php(43): require_once('/var/www/html/p...')
#6 {main}
CRITICAL - 2021-11-17 14:17:26 --> Undefined property: App\Controllers\Inicio::$session
#0 /var/www/html/proyectoModulo6/app/Controllers/Inicio.php(7): CodeIgniter\Debug\Exceptions->errorHandler(8, 'Undefined prope...', '/var/www/html/p...', 7, Array)
#1 /var/www/html/proyectoModulo6/system/CodeIgniter.php(824): App\Controllers\Inicio->index()
#2 /var/www/html/proyectoModulo6/system/CodeIgniter.php(410): CodeIgniter\CodeIgniter->runController(Object(App\Controllers\Inicio))
#3 /var/www/html/proyectoModulo6/system/CodeIgniter.php(318): CodeIgniter\CodeIgniter->handleRequest(NULL, Object(Config\Cache), false)
#4 /var/www/html/proyectoModulo6/public/index.php(37): CodeIgniter\CodeIgniter->run()
#5 /var/www/html/proyectoModulo6/system/Commands/Server/rewrite.php(43): require_once('/var/www/html/p...')
#6 {main}
CRITICAL - 2021-11-17 14:17:26 --> Undefined property: App\Controllers\Inicio::$session
#0 /var/www/html/proyectoModulo6/app/Controllers/Inicio.php(7): CodeIgniter\Debug\Exceptions->errorHandler(8, 'Undefined prope...', '/var/www/html/p...', 7, Array)
#1 /var/www/html/proyectoModulo6/system/CodeIgniter.php(824): App\Controllers\Inicio->index()
#2 /var/www/html/proyectoModulo6/system/CodeIgniter.php(410): CodeIgniter\CodeIgniter->runController(Object(App\Controllers\Inicio))
#3 /var/www/html/proyectoModulo6/system/CodeIgniter.php(318): CodeIgniter\CodeIgniter->handleRequest(NULL, Object(Config\Cache), false)
#4 /var/www/html/proyectoModulo6/public/index.php(37): CodeIgniter\CodeIgniter->run()
#5 /var/www/html/proyectoModulo6/system/Commands/Server/rewrite.php(43): require_once('/var/www/html/p...')
#6 {main}
CRITICAL - 2021-11-17 14:17:26 --> Undefined property: App\Controllers\Inicio::$session
#0 /var/www/html/proyectoModulo6/app/Controllers/Inicio.php(7): CodeIgniter\Debug\Exceptions->errorHandler(8, 'Undefined prope...', '/var/www/html/p...', 7, Array)
#1 /var/www/html/proyectoModulo6/system/CodeIgniter.php(824): App\Controllers\Inicio->index()
#2 /var/www/html/proyectoModulo6/system/CodeIgniter.php(410): CodeIgniter\CodeIgniter->runController(Object(App\Controllers\Inicio))
#3 /var/www/html/proyectoModulo6/system/CodeIgniter.php(318): CodeIgniter\CodeIgniter->handleRequest(NULL, Object(Config\Cache), false)
#4 /var/www/html/proyectoModulo6/public/index.php(37): CodeIgniter\CodeIgniter->run()
#5 /var/www/html/proyectoModulo6/system/Commands/Server/rewrite.php(43): require_once('/var/www/html/p...')
#6 {main}
CRITICAL - 2021-11-17 14:17:26 --> Undefined property: App\Controllers\Inicio::$session
#0 /var/www/html/proyectoModulo6/app/Controllers/Inicio.php(7): CodeIgniter\Debug\Exceptions->errorHandler(8, 'Undefined prope...', '/var/www/html/p...', 7, Array)
#1 /var/www/html/proyectoModulo6/system/CodeIgniter.php(824): App\Controllers\Inicio->index()
#2 /var/www/html/proyectoModulo6/system/CodeIgniter.php(410): CodeIgniter\CodeIgniter->runController(Object(App\Controllers\Inicio))
#3 /var/www/html/proyectoModulo6/system/CodeIgniter.php(318): CodeIgniter\CodeIgniter->handleRequest(NULL, Object(Config\Cache), false)
#4 /var/www/html/proyectoModulo6/public/index.php(37): CodeIgniter\CodeIgniter->run()
#5 /var/www/html/proyectoModulo6/system/Commands/Server/rewrite.php(43): require_once('/var/www/html/p...')
#6 {main}
CRITICAL - 2021-11-17 14:17:34 --> Call to undefined function App\Controllers\layout()
#0 /var/www/html/proyectoModulo6/system/CodeIgniter.php(824): App\Controllers\Inicio->index()
#1 /var/www/html/proyectoModulo6/system/CodeIgniter.php(410): CodeIgniter\CodeIgniter->runController(Object(App\Controllers\Inicio))
#2 /var/www/html/proyectoModulo6/system/CodeIgniter.php(318): CodeIgniter\CodeIgniter->handleRequest(NULL, Object(Config\Cache), false)
#3 /var/www/html/proyectoModulo6/public/index.php(37): CodeIgniter\CodeIgniter->run()
#4 /var/www/html/proyectoModulo6/system/Commands/Server/rewrite.php(43): require_once('/var/www/html/p...')
#5 {main}
CRITICAL - 2021-11-17 14:17:35 --> Call to undefined function App\Controllers\layout()
#0 /var/www/html/proyectoModulo6/system/CodeIgniter.php(824): App\Controllers\Inicio->index()
#1 /var/www/html/proyectoModulo6/system/CodeIgniter.php(410): CodeIgniter\CodeIgniter->runController(Object(App\Controllers\Inicio))
#2 /var/www/html/proyectoModulo6/system/CodeIgniter.php(318): CodeIgniter\CodeIgniter->handleRequest(NULL, Object(Config\Cache), false)
#3 /var/www/html/proyectoModulo6/public/index.php(37): CodeIgniter\CodeIgniter->run()
#4 /var/www/html/proyectoModulo6/system/Commands/Server/rewrite.php(43): require_once('/var/www/html/p...')
#5 {main}
CRITICAL - 2021-11-17 14:17:35 --> Call to undefined function App\Controllers\layout()
#0 /var/www/html/proyectoModulo6/system/CodeIgniter.php(824): App\Controllers\Inicio->index()
#1 /var/www/html/proyectoModulo6/system/CodeIgniter.php(410): CodeIgniter\CodeIgniter->runController(Object(App\Controllers\Inicio))
#2 /var/www/html/proyectoModulo6/system/CodeIgniter.php(318): CodeIgniter\CodeIgniter->handleRequest(NULL, Object(Config\Cache), false)
#3 /var/www/html/proyectoModulo6/public/index.php(37): CodeIgniter\CodeIgniter->run()
#4 /var/www/html/proyectoModulo6/system/Commands/Server/rewrite.php(43): require_once('/var/www/html/p...')
#5 {main}
CRITICAL - 2021-11-17 14:30:28 --> Call to undefined function App\Controllers\layout()
#0 /var/www/html/proyectoModulo6/system/CodeIgniter.php(824): App\Controllers\Inicio->index()
#1 /var/www/html/proyectoModulo6/system/CodeIgniter.php(410): CodeIgniter\CodeIgniter->runController(Object(App\Controllers\Inicio))
#2 /var/www/html/proyectoModulo6/system/CodeIgniter.php(318): CodeIgniter\CodeIgniter->handleRequest(NULL, Object(Config\Cache), false)
#3 /var/www/html/proyectoModulo6/public/index.php(37): CodeIgniter\CodeIgniter->run()
#4 /var/www/html/proyectoModulo6/system/Commands/Server/rewrite.php(43): require_once('/var/www/html/p...')
#5 {main}
CRITICAL - 2021-11-17 14:36:56 --> Call to undefined function App\Controllers\layout()
#0 /var/www/html/proyectoModulo6/system/CodeIgniter.php(824): App\Controllers\Inicio->index()
#1 /var/www/html/proyectoModulo6/system/CodeIgniter.php(410): CodeIgniter\CodeIgniter->runController(Object(App\Controllers\Inicio))
#2 /var/www/html/proyectoModulo6/system/CodeIgniter.php(318): CodeIgniter\CodeIgniter->handleRequest(NULL, Object(Config\Cache), false)
#3 /var/www/html/proyectoModulo6/public/index.php(37): CodeIgniter\CodeIgniter->run()
#4 /var/www/html/proyectoModulo6/system/Commands/Server/rewrite.php(43): require_once('/var/www/html/p...')
#5 {main}
CRITICAL - 2021-11-17 14:39:52 --> Call to undefined function App\Controllers\layout()
#0 /var/www/html/proyectoModulo6/system/CodeIgniter.php(824): App\Controllers\Inicio->index()
#1 /var/www/html/proyectoModulo6/system/CodeIgniter.php(410): CodeIgniter\CodeIgniter->runController(Object(App\Controllers\Inicio))
#2 /var/www/html/proyectoModulo6/system/CodeIgniter.php(318): CodeIgniter\CodeIgniter->handleRequest(NULL, Object(Config\Cache), false)
#3 /var/www/html/proyectoModulo6/public/index.php(37): CodeIgniter\CodeIgniter->run()
#4 /var/www/html/proyectoModulo6/system/Commands/Server/rewrite.php(43): require_once('/var/www/html/p...')
#5 {main}
CRITICAL - 2021-11-17 14:39:52 --> Call to undefined function App\Controllers\layout()
#0 /var/www/html/proyectoModulo6/system/CodeIgniter.php(824): App\Controllers\Inicio->index()
#1 /var/www/html/proyectoModulo6/system/CodeIgniter.php(410): CodeIgniter\CodeIgniter->runController(Object(App\Controllers\Inicio))
#2 /var/www/html/proyectoModulo6/system/CodeIgniter.php(318): CodeIgniter\CodeIgniter->handleRequest(NULL, Object(Config\Cache), false)
#3 /var/www/html/proyectoModulo6/public/index.php(37): CodeIgniter\CodeIgniter->run()
#4 /var/www/html/proyectoModulo6/system/Commands/Server/rewrite.php(43): require_once('/var/www/html/p...')
#5 {main}
CRITICAL - 2021-11-17 14:39:53 --> Call to undefined function App\Controllers\layout()
#0 /var/www/html/proyectoModulo6/system/CodeIgniter.php(824): App\Controllers\Inicio->index()
#1 /var/www/html/proyectoModulo6/system/CodeIgniter.php(410): CodeIgniter\CodeIgniter->runController(Object(App\Controllers\Inicio))
#2 /var/www/html/proyectoModulo6/system/CodeIgniter.php(318): CodeIgniter\CodeIgniter->handleRequest(NULL, Object(Config\Cache), false)
#3 /var/www/html/proyectoModulo6/public/index.php(37): CodeIgniter\CodeIgniter->run()
#4 /var/www/html/proyectoModulo6/system/Commands/Server/rewrite.php(43): require_once('/var/www/html/p...')
#5 {main}
CRITICAL - 2021-11-17 14:40:11 --> Call to undefined function App\Controllers\layout()
#0 /var/www/html/proyectoModulo6/system/CodeIgniter.php(824): App\Controllers\Inicio->index()
#1 /var/www/html/proyectoModulo6/system/CodeIgniter.php(410): CodeIgniter\CodeIgniter->runController(Object(App\Controllers\Inicio))
#2 /var/www/html/proyectoModulo6/system/CodeIgniter.php(318): CodeIgniter\CodeIgniter->handleRequest(NULL, Object(Config\Cache), false)
#3 /var/www/html/proyectoModulo6/public/index.php(37): CodeIgniter\CodeIgniter->run()
#4 /var/www/html/proyectoModulo6/system/Commands/Server/rewrite.php(43): require_once('/var/www/html/p...')
#5 {main}
CRITICAL - 2021-11-17 14:40:11 --> Call to undefined function App\Controllers\layout()
#0 /var/www/html/proyectoModulo6/system/CodeIgniter.php(824): App\Controllers\Inicio->index()
#1 /var/www/html/proyectoModulo6/system/CodeIgniter.php(410): CodeIgniter\CodeIgniter->runController(Object(App\Controllers\Inicio))
#2 /var/www/html/proyectoModulo6/system/CodeIgniter.php(318): CodeIgniter\CodeIgniter->handleRequest(NULL, Object(Config\Cache), false)
#3 /var/www/html/proyectoModulo6/public/index.php(37): CodeIgniter\CodeIgniter->run()
#4 /var/www/html/proyectoModulo6/system/Commands/Server/rewrite.php(43): require_once('/var/www/html/p...')
#5 {main}
CRITICAL - 2021-11-17 14:40:11 --> Call to undefined function App\Controllers\layout()
#0 /var/www/html/proyectoModulo6/system/CodeIgniter.php(824): App\Controllers\Inicio->index()
#1 /var/www/html/proyectoModulo6/system/CodeIgniter.php(410): CodeIgniter\CodeIgniter->runController(Object(App\Controllers\Inicio))
#2 /var/www/html/proyectoModulo6/system/CodeIgniter.php(318): CodeIgniter\CodeIgniter->handleRequest(NULL, Object(Config\Cache), false)
#3 /var/www/html/proyectoModulo6/public/index.php(37): CodeIgniter\CodeIgniter->run()
#4 /var/www/html/proyectoModulo6/system/Commands/Server/rewrite.php(43): require_once('/var/www/html/p...')
#5 {main}
CRITICAL - 2021-11-17 14:41:15 --> Call to undefined function App\Controllers\layout()
#0 /var/www/html/proyectoModulo6/system/CodeIgniter.php(824): App\Controllers\Inicio->index()
#1 /var/www/html/proyectoModulo6/system/CodeIgniter.php(410): CodeIgniter\CodeIgniter->runController(Object(App\Controllers\Inicio))
#2 /var/www/html/proyectoModulo6/system/CodeIgniter.php(318): CodeIgniter\CodeIgniter->handleRequest(NULL, Object(Config\Cache), false)
#3 /var/www/html/proyectoModulo6/public/index.php(37): CodeIgniter\CodeIgniter->run()
#4 /var/www/html/proyectoModulo6/system/Commands/Server/rewrite.php(43): require_once('/var/www/html/p...')
#5 {main}
CRITICAL - 2021-11-17 14:42:12 --> Too few arguments to function layout(), 0 passed in /var/www/html/proyectoModulo6/app/Controllers/Inicio.php on line 19 and at least 1 expected
#0 /var/www/html/proyectoModulo6/app/Controllers/Inicio.php(19): layout()
#1 /var/www/html/proyectoModulo6/system/CodeIgniter.php(824): App\Controllers\Inicio->index()
#2 /var/www/html/proyectoModulo6/system/CodeIgniter.php(410): CodeIgniter\CodeIgniter->runController(Object(App\Controllers\Inicio))
#3 /var/www/html/proyectoModulo6/system/CodeIgniter.php(318): CodeIgniter\CodeIgniter->handleRequest(NULL, Object(Config\Cache), false)
#4 /var/www/html/proyectoModulo6/public/index.php(37): CodeIgniter\CodeIgniter->run()
#5 /var/www/html/proyectoModulo6/system/Commands/Server/rewrite.php(43): require_once('/var/www/html/p...')
#6 {main}
CRITICAL - 2021-11-17 14:42:13 --> Too few arguments to function layout(), 0 passed in /var/www/html/proyectoModulo6/app/Controllers/Inicio.php on line 19 and at least 1 expected
#0 /var/www/html/proyectoModulo6/app/Controllers/Inicio.php(19): layout()
#1 /var/www/html/proyectoModulo6/system/CodeIgniter.php(824): App\Controllers\Inicio->index()
#2 /var/www/html/proyectoModulo6/system/CodeIgniter.php(410): CodeIgniter\CodeIgniter->runController(Object(App\Controllers\Inicio))
#3 /var/www/html/proyectoModulo6/system/CodeIgniter.php(318): CodeIgniter\CodeIgniter->handleRequest(NULL, Object(Config\Cache), false)
#4 /var/www/html/proyectoModulo6/public/index.php(37): CodeIgniter\CodeIgniter->run()
#5 /var/www/html/proyectoModulo6/system/Commands/Server/rewrite.php(43): require_once('/var/www/html/p...')
#6 {main}
CRITICAL - 2021-11-17 14:42:14 --> Too few arguments to function layout(), 0 passed in /var/www/html/proyectoModulo6/app/Controllers/Inicio.php on line 19 and at least 1 expected
#0 /var/www/html/proyectoModulo6/app/Controllers/Inicio.php(19): layout()
#1 /var/www/html/proyectoModulo6/system/CodeIgniter.php(824): App\Controllers\Inicio->index()
#2 /var/www/html/proyectoModulo6/system/CodeIgniter.php(410): CodeIgniter\CodeIgniter->runController(Object(App\Controllers\Inicio))
#3 /var/www/html/proyectoModulo6/system/CodeIgniter.php(318): CodeIgniter\CodeIgniter->handleRequest(NULL, Object(Config\Cache), false)
#4 /var/www/html/proyectoModulo6/public/index.php(37): CodeIgniter\CodeIgniter->run()
#5 /var/www/html/proyectoModulo6/system/Commands/Server/rewrite.php(43): require_once('/var/www/html/p...')
#6 {main}
CRITICAL - 2021-11-17 14:48:21 --> Too few arguments to function layout(), 0 passed in /var/www/html/proyectoModulo6/app/Controllers/Inicio.php on line 18 and at least 1 expected
#0 /var/www/html/proyectoModulo6/app/Controllers/Inicio.php(18): layout()
#1 /var/www/html/proyectoModulo6/system/CodeIgniter.php(824): App\Controllers\Inicio->index()
#2 /var/www/html/proyectoModulo6/system/CodeIgniter.php(410): CodeIgniter\CodeIgniter->runController(Object(App\Controllers\Inicio))
#3 /var/www/html/proyectoModulo6/system/CodeIgniter.php(318): CodeIgniter\CodeIgniter->handleRequest(NULL, Object(Config\Cache), false)
#4 /var/www/html/proyectoModulo6/public/index.php(37): CodeIgniter\CodeIgniter->run()
#5 /var/www/html/proyectoModulo6/system/Commands/Server/rewrite.php(43): require_once('/var/www/html/p...')
#6 {main}
CRITICAL - 2021-11-17 14:48:22 --> Too few arguments to function layout(), 0 passed in /var/www/html/proyectoModulo6/app/Controllers/Inicio.php on line 18 and at least 1 expected
#0 /var/www/html/proyectoModulo6/app/Controllers/Inicio.php(18): layout()
#1 /var/www/html/proyectoModulo6/system/CodeIgniter.php(824): App\Controllers\Inicio->index()
#2 /var/www/html/proyectoModulo6/system/CodeIgniter.php(410): CodeIgniter\CodeIgniter->runController(Object(App\Controllers\Inicio))
#3 /var/www/html/proyectoModulo6/system/CodeIgniter.php(318): CodeIgniter\CodeIgniter->handleRequest(NULL, Object(Config\Cache), false)
#4 /var/www/html/proyectoModulo6/public/index.php(37): CodeIgniter\CodeIgniter->run()
#5 /var/www/html/proyectoModulo6/system/Commands/Server/rewrite.php(43): require_once('/var/www/html/p...')
#6 {main}
CRITICAL - 2021-11-17 14:48:36 --> Call to undefined function get_instance()
#0 /var/www/html/proyectoModulo6/app/Controllers/Inicio.php(18): layout('inicio/inicio', Array, Array)
#1 /var/www/html/proyectoModulo6/system/CodeIgniter.php(824): App\Controllers\Inicio->index()
#2 /var/www/html/proyectoModulo6/system/CodeIgniter.php(410): CodeIgniter\CodeIgniter->runController(Object(App\Controllers\Inicio))
#3 /var/www/html/proyectoModulo6/system/CodeIgniter.php(318): CodeIgniter\CodeIgniter->handleRequest(NULL, Object(Config\Cache), false)
#4 /var/www/html/proyectoModulo6/public/index.php(37): CodeIgniter\CodeIgniter->run()
#5 /var/www/html/proyectoModulo6/system/Commands/Server/rewrite.php(43): require_once('/var/www/html/p...')
#6 {main}
CRITICAL - 2021-11-17 14:48:36 --> Call to undefined function get_instance()
#0 /var/www/html/proyectoModulo6/app/Controllers/Inicio.php(18): layout('inicio/inicio', Array, Array)
#1 /var/www/html/proyectoModulo6/system/CodeIgniter.php(824): App\Controllers\Inicio->index()
#2 /var/www/html/proyectoModulo6/system/CodeIgniter.php(410): CodeIgniter\CodeIgniter->runController(Object(App\Controllers\Inicio))
#3 /var/www/html/proyectoModulo6/system/CodeIgniter.php(318): CodeIgniter\CodeIgniter->handleRequest(NULL, Object(Config\Cache), false)
#4 /var/www/html/proyectoModulo6/public/index.php(37): CodeIgniter\CodeIgniter->run()
#5 /var/www/html/proyectoModulo6/system/Commands/Server/rewrite.php(43): require_once('/var/www/html/p...')
#6 {main}
CRITICAL - 2021-11-17 14:48:37 --> Call to undefined function get_instance()
#0 /var/www/html/proyectoModulo6/app/Controllers/Inicio.php(18): layout('inicio/inicio', Array, Array)
#1 /var/www/html/proyectoModulo6/system/CodeIgniter.php(824): App\Controllers\Inicio->index()
#2 /var/www/html/proyectoModulo6/system/CodeIgniter.php(410): CodeIgniter\CodeIgniter->runController(Object(App\Controllers\Inicio))
#3 /var/www/html/proyectoModulo6/system/CodeIgniter.php(318): CodeIgniter\CodeIgniter->handleRequest(NULL, Object(Config\Cache), false)
#4 /var/www/html/proyectoModulo6/public/index.php(37): CodeIgniter\CodeIgniter->run()
#5 /var/www/html/proyectoModulo6/system/Commands/Server/rewrite.php(43): require_once('/var/www/html/p...')
#6 {main}
CRITICAL - 2021-11-17 14:48:37 --> Call to undefined function get_instance()
#0 /var/www/html/proyectoModulo6/app/Controllers/Inicio.php(18): layout('inicio/inicio', Array, Array)
#1 /var/www/html/proyectoModulo6/system/CodeIgniter.php(824): App\Controllers\Inicio->index()
#2 /var/www/html/proyectoModulo6/system/CodeIgniter.php(410): CodeIgniter\CodeIgniter->runController(Object(App\Controllers\Inicio))
#3 /var/www/html/proyectoModulo6/system/CodeIgniter.php(318): CodeIgniter\CodeIgniter->handleRequest(NULL, Object(Config\Cache), false)
#4 /var/www/html/proyectoModulo6/public/index.php(37): CodeIgniter\CodeIgniter->run()
#5 /var/www/html/proyectoModulo6/system/Commands/Server/rewrite.php(43): require_once('/var/www/html/p...')
#6 {main}
CRITICAL - 2021-11-17 14:51:33 --> Call to undefined function get_instance()
#0 /var/www/html/proyectoModulo6/app/Controllers/Inicio.php(18): layout('inicio/inicio', Array, Array)
#1 /var/www/html/proyectoModulo6/system/CodeIgniter.php(824): App\Controllers\Inicio->index()
#2 /var/www/html/proyectoModulo6/system/CodeIgniter.php(410): CodeIgniter\CodeIgniter->runController(Object(App\Controllers\Inicio))
#3 /var/www/html/proyectoModulo6/system/CodeIgniter.php(318): CodeIgniter\CodeIgniter->handleRequest(NULL, Object(Config\Cache), false)
#4 /var/www/html/proyectoModulo6/public/index.php(37): CodeIgniter\CodeIgniter->run()
#5 /var/www/html/proyectoModulo6/system/Commands/Server/rewrite.php(43): require_once('/var/www/html/p...')
#6 {main}
CRITICAL - 2021-11-17 14:51:33 --> Call to undefined function get_instance()
#0 /var/www/html/proyectoModulo6/app/Controllers/Inicio.php(18): layout('inicio/inicio', Array, Array)
#1 /var/www/html/proyectoModulo6/system/CodeIgniter.php(824): App\Controllers\Inicio->index()
#2 /var/www/html/proyectoModulo6/system/CodeIgniter.php(410): CodeIgniter\CodeIgniter->runController(Object(App\Controllers\Inicio))
#3 /var/www/html/proyectoModulo6/system/CodeIgniter.php(318): CodeIgniter\CodeIgniter->handleRequest(NULL, Object(Config\Cache), false)
#4 /var/www/html/proyectoModulo6/public/index.php(37): CodeIgniter\CodeIgniter->run()
#5 /var/www/html/proyectoModulo6/system/Commands/Server/rewrite.php(43): require_once('/var/www/html/p...')
#6 {main}
CRITICAL - 2021-11-17 14:51:34 --> Call to undefined function get_instance()
#0 /var/www/html/proyectoModulo6/app/Controllers/Inicio.php(18): layout('inicio/inicio', Array, Array)
#1 /var/www/html/proyectoModulo6/system/CodeIgniter.php(824): App\Controllers\Inicio->index()
#2 /var/www/html/proyectoModulo6/system/CodeIgniter.php(410): CodeIgniter\CodeIgniter->runController(Object(App\Controllers\Inicio))
#3 /var/www/html/proyectoModulo6/system/CodeIgniter.php(318): CodeIgniter\CodeIgniter->handleRequest(NULL, Object(Config\Cache), false)
#4 /var/www/html/proyectoModulo6/public/index.php(37): CodeIgniter\CodeIgniter->run()
#5 /var/www/html/proyectoModulo6/system/Commands/Server/rewrite.php(43): require_once('/var/www/html/p...')
#6 {main}
CRITICAL - 2021-11-17 14:51:34 --> Call to undefined function get_instance()
#0 /var/www/html/proyectoModulo6/app/Controllers/Inicio.php(18): layout('inicio/inicio', Array, Array)
#1 /var/www/html/proyectoModulo6/system/CodeIgniter.php(824): App\Controllers\Inicio->index()
#2 /var/www/html/proyectoModulo6/system/CodeIgniter.php(410): CodeIgniter\CodeIgniter->runController(Object(App\Controllers\Inicio))
#3 /var/www/html/proyectoModulo6/system/CodeIgniter.php(318): CodeIgniter\CodeIgniter->handleRequest(NULL, Object(Config\Cache), false)
#4 /var/www/html/proyectoModulo6/public/index.php(37): CodeIgniter\CodeIgniter->run()
#5 /var/www/html/proyectoModulo6/system/Commands/Server/rewrite.php(43): require_once('/var/www/html/p...')
#6 {main}
CRITICAL - 2021-11-17 14:51:34 --> Call to undefined function get_instance()
#0 /var/www/html/proyectoModulo6/app/Controllers/Inicio.php(18): layout('inicio/inicio', Array, Array)
#1 /var/www/html/proyectoModulo6/system/CodeIgniter.php(824): App\Controllers\Inicio->index()
#2 /var/www/html/proyectoModulo6/system/CodeIgniter.php(410): CodeIgniter\CodeIgniter->runController(Object(App\Controllers\Inicio))
#3 /var/www/html/proyectoModulo6/system/CodeIgniter.php(318): CodeIgniter\CodeIgniter->handleRequest(NULL, Object(Config\Cache), false)
#4 /var/www/html/proyectoModulo6/public/index.php(37): CodeIgniter\CodeIgniter->run()
#5 /var/www/html/proyectoModulo6/system/Commands/Server/rewrite.php(43): require_once('/var/www/html/p...')
#6 {main}
CRITICAL - 2021-11-17 14:51:34 --> Call to undefined function get_instance()
#0 /var/www/html/proyectoModulo6/app/Controllers/Inicio.php(18): layout('inicio/inicio', Array, Array)
#1 /var/www/html/proyectoModulo6/system/CodeIgniter.php(824): App\Controllers\Inicio->index()
#2 /var/www/html/proyectoModulo6/system/CodeIgniter.php(410): CodeIgniter\CodeIgniter->runController(Object(App\Controllers\Inicio))
#3 /var/www/html/proyectoModulo6/system/CodeIgniter.php(318): CodeIgniter\CodeIgniter->handleRequest(NULL, Object(Config\Cache), false)
#4 /var/www/html/proyectoModulo6/public/index.php(37): CodeIgniter\CodeIgniter->run()
#5 /var/www/html/proyectoModulo6/system/Commands/Server/rewrite.php(43): require_once('/var/www/html/p...')
#6 {main}
CRITICAL - 2021-11-17 14:51:50 --> Undefined variable: ci
#0 /var/www/html/proyectoModulo6/app/Helpers/layout_helper.php(5): CodeIgniter\Debug\Exceptions->errorHandler(8, 'Undefined varia...', '/var/www/html/p...', 5, Array)
#1 /var/www/html/proyectoModulo6/app/Controllers/Inicio.php(18): layout('inicio/inicio', Array, Array)
#2 /var/www/html/proyectoModulo6/system/CodeIgniter.php(824): App\Controllers\Inicio->index()
#3 /var/www/html/proyectoModulo6/system/CodeIgniter.php(410): CodeIgniter\CodeIgniter->runController(Object(App\Controllers\Inicio))
#4 /var/www/html/proyectoModulo6/system/CodeIgniter.php(318): CodeIgniter\CodeIgniter->handleRequest(NULL, Object(Config\Cache), false)
#5 /var/www/html/proyectoModulo6/public/index.php(37): CodeIgniter\CodeIgniter->run()
#6 /var/www/html/proyectoModulo6/system/Commands/Server/rewrite.php(43): require_once('/var/www/html/p...')
#7 {main}
CRITICAL - 2021-11-17 14:52:04 --> Undefined variable: ci
#0 /var/www/html/proyectoModulo6/app/Helpers/layout_helper.php(5): CodeIgniter\Debug\Exceptions->errorHandler(8, 'Undefined varia...', '/var/www/html/p...', 5, Array)
#1 /var/www/html/proyectoModulo6/app/Controllers/Inicio.php(18): layout('inicio/inicio', Array, Array)
#2 /var/www/html/proyectoModulo6/system/CodeIgniter.php(824): App\Controllers\Inicio->index()
#3 /var/www/html/proyectoModulo6/system/CodeIgniter.php(410): CodeIgniter\CodeIgniter->runController(Object(App\Controllers\Inicio))
#4 /var/www/html/proyectoModulo6/system/CodeIgniter.php(318): CodeIgniter\CodeIgniter->handleRequest(NULL, Object(Config\Cache), false)
#5 /var/www/html/proyectoModulo6/public/index.php(37): CodeIgniter\CodeIgniter->run()
#6 /var/www/html/proyectoModulo6/system/Commands/Server/rewrite.php(43): require_once('/var/www/html/p...')
#7 {main}
CRITICAL - 2021-11-17 14:52:05 --> Undefined variable: ci
#0 /var/www/html/proyectoModulo6/app/Helpers/layout_helper.php(5): CodeIgniter\Debug\Exceptions->errorHandler(8, 'Undefined varia...', '/var/www/html/p...', 5, Array)
#1 /var/www/html/proyectoModulo6/app/Controllers/Inicio.php(18): layout('inicio/inicio', Array, Array)
#2 /var/www/html/proyectoModulo6/system/CodeIgniter.php(824): App\Controllers\Inicio->index()
#3 /var/www/html/proyectoModulo6/system/CodeIgniter.php(410): CodeIgniter\CodeIgniter->runController(Object(App\Controllers\Inicio))
#4 /var/www/html/proyectoModulo6/system/CodeIgniter.php(318): CodeIgniter\CodeIgniter->handleRequest(NULL, Object(Config\Cache), false)
#5 /var/www/html/proyectoModulo6/public/index.php(37): CodeIgniter\CodeIgniter->run()
#6 /var/www/html/proyectoModulo6/system/Commands/Server/rewrite.php(43): require_once('/var/www/html/p...')
#7 {main}
CRITICAL - 2021-11-17 14:52:05 --> Undefined variable: ci
#0 /var/www/html/proyectoModulo6/app/Helpers/layout_helper.php(5): CodeIgniter\Debug\Exceptions->errorHandler(8, 'Undefined varia...', '/var/www/html/p...', 5, Array)
#1 /var/www/html/proyectoModulo6/app/Controllers/Inicio.php(18): layout('inicio/inicio', Array, Array)
#2 /var/www/html/proyectoModulo6/system/CodeIgniter.php(824): App\Controllers\Inicio->index()
#3 /var/www/html/proyectoModulo6/system/CodeIgniter.php(410): CodeIgniter\CodeIgniter->runController(Object(App\Controllers\Inicio))
#4 /var/www/html/proyectoModulo6/system/CodeIgniter.php(318): CodeIgniter\CodeIgniter->handleRequest(NULL, Object(Config\Cache), false)
#5 /var/www/html/proyectoModulo6/public/index.php(37): CodeIgniter\CodeIgniter->run()
#6 /var/www/html/proyectoModulo6/system/Commands/Server/rewrite.php(43): require_once('/var/www/html/p...')
#7 {main}
CRITICAL - 2021-11-17 14:52:05 --> Undefined variable: ci
#0 /var/www/html/proyectoModulo6/app/Helpers/layout_helper.php(5): CodeIgniter\Debug\Exceptions->errorHandler(8, 'Undefined varia...', '/var/www/html/p...', 5, Array)
#1 /var/www/html/proyectoModulo6/app/Controllers/Inicio.php(18): layout('inicio/inicio', Array, Array)
#2 /var/www/html/proyectoModulo6/system/CodeIgniter.php(824): App\Controllers\Inicio->index()
#3 /var/www/html/proyectoModulo6/system/CodeIgniter.php(410): CodeIgniter\CodeIgniter->runController(Object(App\Controllers\Inicio))
#4 /var/www/html/proyectoModulo6/system/CodeIgniter.php(318): CodeIgniter\CodeIgniter->handleRequest(NULL, Object(Config\Cache), false)
#5 /var/www/html/proyectoModulo6/public/index.php(37): CodeIgniter\CodeIgniter->run()
#6 /var/www/html/proyectoModulo6/system/Commands/Server/rewrite.php(43): require_once('/var/www/html/p...')
#7 {main}
CRITICAL - 2021-11-17 14:52:05 --> Undefined variable: ci
#0 /var/www/html/proyectoModulo6/app/Helpers/layout_helper.php(5): CodeIgniter\Debug\Exceptions->errorHandler(8, 'Undefined varia...', '/var/www/html/p...', 5, Array)
#1 /var/www/html/proyectoModulo6/app/Controllers/Inicio.php(18): layout('inicio/inicio', Array, Array)
#2 /var/www/html/proyectoModulo6/system/CodeIgniter.php(824): App\Controllers\Inicio->index()
#3 /var/www/html/proyectoModulo6/system/CodeIgniter.php(410): CodeIgniter\CodeIgniter->runController(Object(App\Controllers\Inicio))
#4 /var/www/html/proyectoModulo6/system/CodeIgniter.php(318): CodeIgniter\CodeIgniter->handleRequest(NULL, Object(Config\Cache), false)
#5 /var/www/html/proyectoModulo6/public/index.php(37): CodeIgniter\CodeIgniter->run()
#6 /var/www/html/proyectoModulo6/system/Commands/Server/rewrite.php(43): require_once('/var/www/html/p...')
#7 {main}
CRITICAL - 2021-11-17 14:52:05 --> Undefined variable: ci
#0 /var/www/html/proyectoModulo6/app/Helpers/layout_helper.php(5): CodeIgniter\Debug\Exceptions->errorHandler(8, 'Undefined varia...', '/var/www/html/p...', 5, Array)
#1 /var/www/html/proyectoModulo6/app/Controllers/Inicio.php(18): layout('inicio/inicio', Array, Array)
#2 /var/www/html/proyectoModulo6/system/CodeIgniter.php(824): App\Controllers\Inicio->index()
#3 /var/www/html/proyectoModulo6/system/CodeIgniter.php(410): CodeIgniter\CodeIgniter->runController(Object(App\Controllers\Inicio))
#4 /var/www/html/proyectoModulo6/system/CodeIgniter.php(318): CodeIgniter\CodeIgniter->handleRequest(NULL, Object(Config\Cache), false)
#5 /var/www/html/proyectoModulo6/public/index.php(37): CodeIgniter\CodeIgniter->run()
#6 /var/www/html/proyectoModulo6/system/Commands/Server/rewrite.php(43): require_once('/var/www/html/p...')
#7 {main}
CRITICAL - 2021-11-17 14:52:05 --> Undefined variable: ci
#0 /var/www/html/proyectoModulo6/app/Helpers/layout_helper.php(5): CodeIgniter\Debug\Exceptions->errorHandler(8, 'Undefined varia...', '/var/www/html/p...', 5, Array)
#1 /var/www/html/proyectoModulo6/app/Controllers/Inicio.php(18): layout('inicio/inicio', Array, Array)
#2 /var/www/html/proyectoModulo6/system/CodeIgniter.php(824): App\Controllers\Inicio->index()
#3 /var/www/html/proyectoModulo6/system/CodeIgniter.php(410): CodeIgniter\CodeIgniter->runController(Object(App\Controllers\Inicio))
#4 /var/www/html/proyectoModulo6/system/CodeIgniter.php(318): CodeIgniter\CodeIgniter->handleRequest(NULL, Object(Config\Cache), false)
#5 /var/www/html/proyectoModulo6/public/index.php(37): CodeIgniter\CodeIgniter->run()
#6 /var/www/html/proyectoModulo6/system/Commands/Server/rewrite.php(43): require_once('/var/www/html/p...')
#7 {main}
CRITICAL - 2021-11-17 14:52:06 --> Undefined variable: ci
#0 /var/www/html/proyectoModulo6/app/Helpers/layout_helper.php(5): CodeIgniter\Debug\Exceptions->errorHandler(8, 'Undefined varia...', '/var/www/html/p...', 5, Array)
#1 /var/www/html/proyectoModulo6/app/Controllers/Inicio.php(18): layout('inicio/inicio', Array, Array)
#2 /var/www/html/proyectoModulo6/system/CodeIgniter.php(824): App\Controllers\Inicio->index()
#3 /var/www/html/proyectoModulo6/system/CodeIgniter.php(410): CodeIgniter\CodeIgniter->runController(Object(App\Controllers\Inicio))
#4 /var/www/html/proyectoModulo6/system/CodeIgniter.php(318): CodeIgniter\CodeIgniter->handleRequest(NULL, Object(Config\Cache), false)
#5 /var/www/html/proyectoModulo6/public/index.php(37): CodeIgniter\CodeIgniter->run()
#6 /var/www/html/proyectoModulo6/system/Commands/Server/rewrite.php(43): require_once('/var/www/html/p...')
#7 {main}
CRITICAL - 2021-11-17 14:53:16 --> Using $this when not in object context
#0 /var/www/html/proyectoModulo6/app/Controllers/Inicio.php(18): layout('inicio/inicio', Array, Array)
#1 /var/www/html/proyectoModulo6/system/CodeIgniter.php(824): App\Controllers\Inicio->index()
#2 /var/www/html/proyectoModulo6/system/CodeIgniter.php(410): CodeIgniter\CodeIgniter->runController(Object(App\Controllers\Inicio))
#3 /var/www/html/proyectoModulo6/system/CodeIgniter.php(318): CodeIgniter\CodeIgniter->handleRequest(NULL, Object(Config\Cache), false)
#4 /var/www/html/proyectoModulo6/public/index.php(37): CodeIgniter\CodeIgniter->run()
#5 /var/www/html/proyectoModulo6/system/Commands/Server/rewrite.php(43): require_once('/var/www/html/p...')
#6 {main}
CRITICAL - 2021-11-17 14:53:16 --> Using $this when not in object context
#0 /var/www/html/proyectoModulo6/app/Controllers/Inicio.php(18): layout('inicio/inicio', Array, Array)
#1 /var/www/html/proyectoModulo6/system/CodeIgniter.php(824): App\Controllers\Inicio->index()
#2 /var/www/html/proyectoModulo6/system/CodeIgniter.php(410): CodeIgniter\CodeIgniter->runController(Object(App\Controllers\Inicio))
#3 /var/www/html/proyectoModulo6/system/CodeIgniter.php(318): CodeIgniter\CodeIgniter->handleRequest(NULL, Object(Config\Cache), false)
#4 /var/www/html/proyectoModulo6/public/index.php(37): CodeIgniter\CodeIgniter->run()
#5 /var/www/html/proyectoModulo6/system/Commands/Server/rewrite.php(43): require_once('/var/www/html/p...')
#6 {main}
CRITICAL - 2021-11-17 14:53:16 --> Using $this when not in object context
#0 /var/www/html/proyectoModulo6/app/Controllers/Inicio.php(18): layout('inicio/inicio', Array, Array)
#1 /var/www/html/proyectoModulo6/system/CodeIgniter.php(824): App\Controllers\Inicio->index()
#2 /var/www/html/proyectoModulo6/system/CodeIgniter.php(410): CodeIgniter\CodeIgniter->runController(Object(App\Controllers\Inicio))
#3 /var/www/html/proyectoModulo6/system/CodeIgniter.php(318): CodeIgniter\CodeIgniter->handleRequest(NULL, Object(Config\Cache), false)
#4 /var/www/html/proyectoModulo6/public/index.php(37): CodeIgniter\CodeIgniter->run()
#5 /var/www/html/proyectoModulo6/system/Commands/Server/rewrite.php(43): require_once('/var/www/html/p...')
#6 {main}
CRITICAL - 2021-11-17 14:53:24 --> Call to undefined function App\Controllers\layout()
#0 /var/www/html/proyectoModulo6/system/CodeIgniter.php(824): App\Controllers\Inicio->index()
#1 /var/www/html/proyectoModulo6/system/CodeIgniter.php(410): CodeIgniter\CodeIgniter->runController(Object(App\Controllers\Inicio))
#2 /var/www/html/proyectoModulo6/system/CodeIgniter.php(318): CodeIgniter\CodeIgniter->handleRequest(NULL, Object(Config\Cache), false)
#3 /var/www/html/proyectoModulo6/public/index.php(37): CodeIgniter\CodeIgniter->run()
#4 /var/www/html/proyectoModulo6/system/Commands/Server/rewrite.php(43): require_once('/var/www/html/p...')
#5 {main}
CRITICAL - 2021-11-17 14:53:25 --> Call to undefined function App\Controllers\layout()
#0 /var/www/html/proyectoModulo6/system/CodeIgniter.php(824): App\Controllers\Inicio->index()
#1 /var/www/html/proyectoModulo6/system/CodeIgniter.php(410): CodeIgniter\CodeIgniter->runController(Object(App\Controllers\Inicio))
#2 /var/www/html/proyectoModulo6/system/CodeIgniter.php(318): CodeIgniter\CodeIgniter->handleRequest(NULL, Object(Config\Cache), false)
#3 /var/www/html/proyectoModulo6/public/index.php(37): CodeIgniter\CodeIgniter->run()
#4 /var/www/html/proyectoModulo6/system/Commands/Server/rewrite.php(43): require_once('/var/www/html/p...')
#5 {main}
CRITICAL - 2021-11-17 14:53:25 --> Call to undefined function App\Controllers\layout()
#0 /var/www/html/proyectoModulo6/system/CodeIgniter.php(824): App\Controllers\Inicio->index()
#1 /var/www/html/proyectoModulo6/system/CodeIgniter.php(410): CodeIgniter\CodeIgniter->runController(Object(App\Controllers\Inicio))
#2 /var/www/html/proyectoModulo6/system/CodeIgniter.php(318): CodeIgniter\CodeIgniter->handleRequest(NULL, Object(Config\Cache), false)
#3 /var/www/html/proyectoModulo6/public/index.php(37): CodeIgniter\CodeIgniter->run()
#4 /var/www/html/proyectoModulo6/system/Commands/Server/rewrite.php(43): require_once('/var/www/html/p...')
#5 {main}
CRITICAL - 2021-11-17 14:53:25 --> Call to undefined function App\Controllers\layout()
#0 /var/www/html/proyectoModulo6/system/CodeIgniter.php(824): App\Controllers\Inicio->index()
#1 /var/www/html/proyectoModulo6/system/CodeIgniter.php(410): CodeIgniter\CodeIgniter->runController(Object(App\Controllers\Inicio))
#2 /var/www/html/proyectoModulo6/system/CodeIgniter.php(318): CodeIgniter\CodeIgniter->handleRequest(NULL, Object(Config\Cache), false)
#3 /var/www/html/proyectoModulo6/public/index.php(37): CodeIgniter\CodeIgniter->run()
#4 /var/www/html/proyectoModulo6/system/Commands/Server/rewrite.php(43): require_once('/var/www/html/p...')
#5 {main}
CRITICAL - 2021-11-17 14:53:33 --> Call to undefined function App\Controllers\layout()
#0 /var/www/html/proyectoModulo6/system/CodeIgniter.php(824): App\Controllers\Inicio->index()
#1 /var/www/html/proyectoModulo6/system/CodeIgniter.php(410): CodeIgniter\CodeIgniter->runController(Object(App\Controllers\Inicio))
#2 /var/www/html/proyectoModulo6/system/CodeIgniter.php(318): CodeIgniter\CodeIgniter->handleRequest(NULL, Object(Config\Cache), false)
#3 /var/www/html/proyectoModulo6/public/index.php(37): CodeIgniter\CodeIgniter->run()
#4 /var/www/html/proyectoModulo6/system/Commands/Server/rewrite.php(43): require_once('/var/www/html/p...')
#5 {main}
CRITICAL - 2021-11-17 14:53:34 --> Call to undefined function App\Controllers\layout()
#0 /var/www/html/proyectoModulo6/system/CodeIgniter.php(824): App\Controllers\Inicio->index()
#1 /var/www/html/proyectoModulo6/system/CodeIgniter.php(410): CodeIgniter\CodeIgniter->runController(Object(App\Controllers\Inicio))
#2 /var/www/html/proyectoModulo6/system/CodeIgniter.php(318): CodeIgniter\CodeIgniter->handleRequest(NULL, Object(Config\Cache), false)
#3 /var/www/html/proyectoModulo6/public/index.php(37): CodeIgniter\CodeIgniter->run()
#4 /var/www/html/proyectoModulo6/system/Commands/Server/rewrite.php(43): require_once('/var/www/html/p...')
#5 {main}
CRITICAL - 2021-11-17 14:53:34 --> Call to undefined function App\Controllers\layout()
#0 /var/www/html/proyectoModulo6/system/CodeIgniter.php(824): App\Controllers\Inicio->index()
#1 /var/www/html/proyectoModulo6/system/CodeIgniter.php(410): CodeIgniter\CodeIgniter->runController(Object(App\Controllers\Inicio))
#2 /var/www/html/proyectoModulo6/system/CodeIgniter.php(318): CodeIgniter\CodeIgniter->handleRequest(NULL, Object(Config\Cache), false)
#3 /var/www/html/proyectoModulo6/public/index.php(37): CodeIgniter\CodeIgniter->run()
#4 /var/www/html/proyectoModulo6/system/Commands/Server/rewrite.php(43): require_once('/var/www/html/p...')
#5 {main}
CRITICAL - 2021-11-17 14:53:34 --> Call to undefined function App\Controllers\layout()
#0 /var/www/html/proyectoModulo6/system/CodeIgniter.php(824): App\Controllers\Inicio->index()
#1 /var/www/html/proyectoModulo6/system/CodeIgniter.php(410): CodeIgniter\CodeIgniter->runController(Object(App\Controllers\Inicio))
#2 /var/www/html/proyectoModulo6/system/CodeIgniter.php(318): CodeIgniter\CodeIgniter->handleRequest(NULL, Object(Config\Cache), false)
#3 /var/www/html/proyectoModulo6/public/index.php(37): CodeIgniter\CodeIgniter->run()
#4 /var/www/html/proyectoModulo6/system/Commands/Server/rewrite.php(43): require_once('/var/www/html/p...')
#5 {main}
CRITICAL - 2021-11-17 14:53:42 --> Call to undefined function App\Controllers\layout()
#0 /var/www/html/proyectoModulo6/system/CodeIgniter.php(824): App\Controllers\Inicio->index()
#1 /var/www/html/proyectoModulo6/system/CodeIgniter.php(410): CodeIgniter\CodeIgniter->runController(Object(App\Controllers\Inicio))
#2 /var/www/html/proyectoModulo6/system/CodeIgniter.php(318): CodeIgniter\CodeIgniter->handleRequest(NULL, Object(Config\Cache), false)
#3 /var/www/html/proyectoModulo6/public/index.php(37): CodeIgniter\CodeIgniter->run()
#4 /var/www/html/proyectoModulo6/system/Commands/Server/rewrite.php(43): require_once('/var/www/html/p...')
#5 {main}
CRITICAL - 2021-11-17 14:53:43 --> Call to undefined function App\Controllers\layout()
#0 /var/www/html/proyectoModulo6/system/CodeIgniter.php(824): App\Controllers\Inicio->index()
#1 /var/www/html/proyectoModulo6/system/CodeIgniter.php(410): CodeIgniter\CodeIgniter->runController(Object(App\Controllers\Inicio))
#2 /var/www/html/proyectoModulo6/system/CodeIgniter.php(318): CodeIgniter\CodeIgniter->handleRequest(NULL, Object(Config\Cache), false)
#3 /var/www/html/proyectoModulo6/public/index.php(37): CodeIgniter\CodeIgniter->run()
#4 /var/www/html/proyectoModulo6/system/Commands/Server/rewrite.php(43): require_once('/var/www/html/p...')
#5 {main}
CRITICAL - 2021-11-17 14:53:43 --> Call to undefined function App\Controllers\layout()
#0 /var/www/html/proyectoModulo6/system/CodeIgniter.php(824): App\Controllers\Inicio->index()
#1 /var/www/html/proyectoModulo6/system/CodeIgniter.php(410): CodeIgniter\CodeIgniter->runController(Object(App\Controllers\Inicio))
#2 /var/www/html/proyectoModulo6/system/CodeIgniter.php(318): CodeIgniter\CodeIgniter->handleRequest(NULL, Object(Config\Cache), false)
#3 /var/www/html/proyectoModulo6/public/index.php(37): CodeIgniter\CodeIgniter->run()
#4 /var/www/html/proyectoModulo6/system/Commands/Server/rewrite.php(43): require_once('/var/www/html/p...')
#5 {main}
CRITICAL - 2021-11-17 14:53:43 --> Call to undefined function App\Controllers\layout()
#0 /var/www/html/proyectoModulo6/system/CodeIgniter.php(824): App\Controllers\Inicio->index()
#1 /var/www/html/proyectoModulo6/system/CodeIgniter.php(410): CodeIgniter\CodeIgniter->runController(Object(App\Controllers\Inicio))
#2 /var/www/html/proyectoModulo6/system/CodeIgniter.php(318): CodeIgniter\CodeIgniter->handleRequest(NULL, Object(Config\Cache), false)
#3 /var/www/html/proyectoModulo6/public/index.php(37): CodeIgniter\CodeIgniter->run()
#4 /var/www/html/proyectoModulo6/system/Commands/Server/rewrite.php(43): require_once('/var/www/html/p...')
#5 {main}
CRITICAL - 2021-11-17 14:53:43 --> Call to undefined function App\Controllers\layout()
#0 /var/www/html/proyectoModulo6/system/CodeIgniter.php(824): App\Controllers\Inicio->index()
#1 /var/www/html/proyectoModulo6/system/CodeIgniter.php(410): CodeIgniter\CodeIgniter->runController(Object(App\Controllers\Inicio))
#2 /var/www/html/proyectoModulo6/system/CodeIgniter.php(318): CodeIgniter\CodeIgniter->handleRequest(NULL, Object(Config\Cache), false)
#3 /var/www/html/proyectoModulo6/public/index.php(37): CodeIgniter\CodeIgniter->run()
#4 /var/www/html/proyectoModulo6/system/Commands/Server/rewrite.php(43): require_once('/var/www/html/p...')
#5 {main}
CRITICAL - 2021-11-17 14:53:43 --> Call to undefined function App\Controllers\layout()
#0 /var/www/html/proyectoModulo6/system/CodeIgniter.php(824): App\Controllers\Inicio->index()
#1 /var/www/html/proyectoModulo6/system/CodeIgniter.php(410): CodeIgniter\CodeIgniter->runController(Object(App\Controllers\Inicio))
#2 /var/www/html/proyectoModulo6/system/CodeIgniter.php(318): CodeIgniter\CodeIgniter->handleRequest(NULL, Object(Config\Cache), false)
#3 /var/www/html/proyectoModulo6/public/index.php(37): CodeIgniter\CodeIgniter->run()
#4 /var/www/html/proyectoModulo6/system/Commands/Server/rewrite.php(43): require_once('/var/www/html/p...')
#5 {main}
CRITICAL - 2021-11-17 14:59:44 --> Return value of get_instance() must be an instance of App\Controllers\BaseController, null returned
#0 /var/www/html/proyectoModulo6/app/Helpers/layout_helper.php(4): get_instance()
#1 /var/www/html/proyectoModulo6/app/Controllers/Inicio.php(18): layout('inicio/inicio', Array, Array)
#2 /var/www/html/proyectoModulo6/system/CodeIgniter.php(824): App\Controllers\Inicio->index()
#3 /var/www/html/proyectoModulo6/system/CodeIgniter.php(410): CodeIgniter\CodeIgniter->runController(Object(App\Controllers\Inicio))
#4 /var/www/html/proyectoModulo6/system/CodeIgniter.php(318): CodeIgniter\CodeIgniter->handleRequest(NULL, Object(Config\Cache), false)
#5 /var/www/html/proyectoModulo6/public/index.php(37): CodeIgniter\CodeIgniter->run()
#6 /var/www/html/proyectoModulo6/system/Commands/Server/rewrite.php(43): require_once('/var/www/html/p...')
#7 {main}
CRITICAL - 2021-11-17 15:01:16 --> Return value of get_instance() must be an instance of App\Controllers\BaseController, null returned
#0 /var/www/html/proyectoModulo6/app/Helpers/layout_helper.php(4): get_instance()
#1 /var/www/html/proyectoModulo6/app/Controllers/Inicio.php(18): layout('inicio/inicio', Array, Array)
#2 /var/www/html/proyectoModulo6/system/CodeIgniter.php(824): App\Controllers\Inicio->index()
#3 /var/www/html/proyectoModulo6/system/CodeIgniter.php(410): CodeIgniter\CodeIgniter->runController(Object(App\Controllers\Inicio))
#4 /var/www/html/proyectoModulo6/system/CodeIgniter.php(318): CodeIgniter\CodeIgniter->handleRequest(NULL, Object(Config\Cache), false)
#5 /var/www/html/proyectoModulo6/public/index.php(37): CodeIgniter\CodeIgniter->run()
#6 /var/www/html/proyectoModulo6/system/Commands/Server/rewrite.php(43): require_once('/var/www/html/p...')
#7 {main}
CRITICAL - 2021-11-17 15:01:50 --> Return value of get_instance() must be an instance of Controllers\BaseController, null returned
#0 /var/www/html/proyectoModulo6/app/Helpers/layout_helper.php(4): get_instance()
#1 /var/www/html/proyectoModulo6/app/Controllers/Inicio.php(18): layout('inicio/inicio', Array, Array)
#2 /var/www/html/proyectoModulo6/system/CodeIgniter.php(824): App\Controllers\Inicio->index()
#3 /var/www/html/proyectoModulo6/system/CodeIgniter.php(410): CodeIgniter\CodeIgniter->runController(Object(App\Controllers\Inicio))
#4 /var/www/html/proyectoModulo6/system/CodeIgniter.php(318): CodeIgniter\CodeIgniter->handleRequest(NULL, Object(Config\Cache), false)
#5 /var/www/html/proyectoModulo6/public/index.php(37): CodeIgniter\CodeIgniter->run()
#6 /var/www/html/proyectoModulo6/system/Commands/Server/rewrite.php(43): require_once('/var/www/html/p...')
#7 {main}
CRITICAL - 2021-11-17 15:01:50 --> Return value of get_instance() must be an instance of Controllers\BaseController, null returned
#0 /var/www/html/proyectoModulo6/app/Helpers/layout_helper.php(4): get_instance()
#1 /var/www/html/proyectoModulo6/app/Controllers/Inicio.php(18): layout('inicio/inicio', Array, Array)
#2 /var/www/html/proyectoModulo6/system/CodeIgniter.php(824): App\Controllers\Inicio->index()
#3 /var/www/html/proyectoModulo6/system/CodeIgniter.php(410): CodeIgniter\CodeIgniter->runController(Object(App\Controllers\Inicio))
#4 /var/www/html/proyectoModulo6/system/CodeIgniter.php(318): CodeIgniter\CodeIgniter->handleRequest(NULL, Object(Config\Cache), false)
#5 /var/www/html/proyectoModulo6/public/index.php(37): CodeIgniter\CodeIgniter->run()
#6 /var/www/html/proyectoModulo6/system/Commands/Server/rewrite.php(43): require_once('/var/www/html/p...')
#7 {main}
CRITICAL - 2021-11-17 15:03:12 --> Return value of get_instance() must be an instance of App\Controllers\BaseController, null returned
#0 /var/www/html/proyectoModulo6/app/Helpers/layout_helper.php(6): get_instance()
#1 /var/www/html/proyectoModulo6/app/Controllers/Inicio.php(18): App\Controllers\layout('inicio/inicio', Array, Array)
#2 /var/www/html/proyectoModulo6/system/CodeIgniter.php(824): App\Controllers\Inicio->index()
#3 /var/www/html/proyectoModulo6/system/CodeIgniter.php(410): CodeIgniter\CodeIgniter->runController(Object(App\Controllers\Inicio))
#4 /var/www/html/proyectoModulo6/system/CodeIgniter.php(318): CodeIgniter\CodeIgniter->handleRequest(NULL, Object(Config\Cache), false)
#5 /var/www/html/proyectoModulo6/public/index.php(37): CodeIgniter\CodeIgniter->run()
#6 /var/www/html/proyectoModulo6/system/Commands/Server/rewrite.php(43): require_once('/var/www/html/p...')
#7 {main}
CRITICAL - 2021-11-17 15:03:16 --> Return value of get_instance() must be an instance of App\Controllers\BaseController, null returned
#0 /var/www/html/proyectoModulo6/app/Helpers/layout_helper.php(6): get_instance()
#1 /var/www/html/proyectoModulo6/app/Controllers/Inicio.php(18): layout('inicio/inicio', Array, Array)
#2 /var/www/html/proyectoModulo6/system/CodeIgniter.php(824): App\Controllers\Inicio->index()
#3 /var/www/html/proyectoModulo6/system/CodeIgniter.php(410): CodeIgniter\CodeIgniter->runController(Object(App\Controllers\Inicio))
#4 /var/www/html/proyectoModulo6/system/CodeIgniter.php(318): CodeIgniter\CodeIgniter->handleRequest(NULL, Object(Config\Cache), false)
#5 /var/www/html/proyectoModulo6/public/index.php(37): CodeIgniter\CodeIgniter->run()
#6 /var/www/html/proyectoModulo6/system/Commands/Server/rewrite.php(43): require_once('/var/www/html/p...')
#7 {main}
CRITICAL - 2021-11-17 15:03:17 --> Return value of get_instance() must be an instance of App\Controllers\BaseController, null returned
#0 /var/www/html/proyectoModulo6/app/Helpers/layout_helper.php(6): get_instance()
#1 /var/www/html/proyectoModulo6/app/Controllers/Inicio.php(18): layout('inicio/inicio', Array, Array)
#2 /var/www/html/proyectoModulo6/system/CodeIgniter.php(824): App\Controllers\Inicio->index()
#3 /var/www/html/proyectoModulo6/system/CodeIgniter.php(410): CodeIgniter\CodeIgniter->runController(Object(App\Controllers\Inicio))
#4 /var/www/html/proyectoModulo6/system/CodeIgniter.php(318): CodeIgniter\CodeIgniter->handleRequest(NULL, Object(Config\Cache), false)
#5 /var/www/html/proyectoModulo6/public/index.php(37): CodeIgniter\CodeIgniter->run()
#6 /var/www/html/proyectoModulo6/system/Commands/Server/rewrite.php(43): require_once('/var/www/html/p...')
#7 {main}
CRITICAL - 2021-11-17 15:03:17 --> Return value of get_instance() must be an instance of App\Controllers\BaseController, null returned
#0 /var/www/html/proyectoModulo6/app/Helpers/layout_helper.php(6): get_instance()
#1 /var/www/html/proyectoModulo6/app/Controllers/Inicio.php(18): layout('inicio/inicio', Array, Array)
#2 /var/www/html/proyectoModulo6/system/CodeIgniter.php(824): App\Controllers\Inicio->index()
#3 /var/www/html/proyectoModulo6/system/CodeIgniter.php(410): CodeIgniter\CodeIgniter->runController(Object(App\Controllers\Inicio))
#4 /var/www/html/proyectoModulo6/system/CodeIgniter.php(318): CodeIgniter\CodeIgniter->handleRequest(NULL, Object(Config\Cache), false)
#5 /var/www/html/proyectoModulo6/public/index.php(37): CodeIgniter\CodeIgniter->run()
#6 /var/www/html/proyectoModulo6/system/Commands/Server/rewrite.php(43): require_once('/var/www/html/p...')
#7 {main}
CRITICAL - 2021-11-17 15:03:21 --> Call to undefined function get_instance()
#0 /var/www/html/proyectoModulo6/app/Controllers/Inicio.php(18): layout('inicio/inicio', Array, Array)
#1 /var/www/html/proyectoModulo6/system/CodeIgniter.php(824): App\Controllers\Inicio->index()
#2 /var/www/html/proyectoModulo6/system/CodeIgniter.php(410): CodeIgniter\CodeIgniter->runController(Object(App\Controllers\Inicio))
#3 /var/www/html/proyectoModulo6/system/CodeIgniter.php(318): CodeIgniter\CodeIgniter->handleRequest(NULL, Object(Config\Cache), false)
#4 /var/www/html/proyectoModulo6/public/index.php(37): CodeIgniter\CodeIgniter->run()
#5 /var/www/html/proyectoModulo6/system/Commands/Server/rewrite.php(43): require_once('/var/www/html/p...')
#6 {main}
CRITICAL - 2021-11-17 15:03:21 --> Call to undefined function get_instance()
#0 /var/www/html/proyectoModulo6/app/Controllers/Inicio.php(18): layout('inicio/inicio', Array, Array)
#1 /var/www/html/proyectoModulo6/system/CodeIgniter.php(824): App\Controllers\Inicio->index()
#2 /var/www/html/proyectoModulo6/system/CodeIgniter.php(410): CodeIgniter\CodeIgniter->runController(Object(App\Controllers\Inicio))
#3 /var/www/html/proyectoModulo6/system/CodeIgniter.php(318): CodeIgniter\CodeIgniter->handleRequest(NULL, Object(Config\Cache), false)
#4 /var/www/html/proyectoModulo6/public/index.php(37): CodeIgniter\CodeIgniter->run()
#5 /var/www/html/proyectoModulo6/system/Commands/Server/rewrite.php(43): require_once('/var/www/html/p...')
#6 {main}
CRITICAL - 2021-11-17 15:03:21 --> Call to undefined function get_instance()
#0 /var/www/html/proyectoModulo6/app/Controllers/Inicio.php(18): layout('inicio/inicio', Array, Array)
#1 /var/www/html/proyectoModulo6/system/CodeIgniter.php(824): App\Controllers\Inicio->index()
#2 /var/www/html/proyectoModulo6/system/CodeIgniter.php(410): CodeIgniter\CodeIgniter->runController(Object(App\Controllers\Inicio))
#3 /var/www/html/proyectoModulo6/system/CodeIgniter.php(318): CodeIgniter\CodeIgniter->handleRequest(NULL, Object(Config\Cache), false)
#4 /var/www/html/proyectoModulo6/public/index.php(37): CodeIgniter\CodeIgniter->run()
#5 /var/www/html/proyectoModulo6/system/Commands/Server/rewrite.php(43): require_once('/var/www/html/p...')
#6 {main}
CRITICAL - 2021-11-17 15:03:22 --> Call to undefined function get_instance()
#0 /var/www/html/proyectoModulo6/app/Controllers/Inicio.php(18): layout('inicio/inicio', Array, Array)
#1 /var/www/html/proyectoModulo6/system/CodeIgniter.php(824): App\Controllers\Inicio->index()
#2 /var/www/html/proyectoModulo6/system/CodeIgniter.php(410): CodeIgniter\CodeIgniter->runController(Object(App\Controllers\Inicio))
#3 /var/www/html/proyectoModulo6/system/CodeIgniter.php(318): CodeIgniter\CodeIgniter->handleRequest(NULL, Object(Config\Cache), false)
#4 /var/www/html/proyectoModulo6/public/index.php(37): CodeIgniter\CodeIgniter->run()
#5 /var/www/html/proyectoModulo6/system/Commands/Server/rewrite.php(43): require_once('/var/www/html/p...')
#6 {main}
CRITICAL - 2021-11-17 15:03:27 --> Undefined variable: ci
#0 /var/www/html/proyectoModulo6/app/Helpers/layout_helper.php(8): CodeIgniter\Debug\Exceptions->errorHandler(8, 'Undefined varia...', '/var/www/html/p...', 8, Array)
#1 /var/www/html/proyectoModulo6/app/Controllers/Inicio.php(18): layout('inicio/inicio', Array, Array)
#2 /var/www/html/proyectoModulo6/system/CodeIgniter.php(824): App\Controllers\Inicio->index()
#3 /var/www/html/proyectoModulo6/system/CodeIgniter.php(410): CodeIgniter\CodeIgniter->runController(Object(App\Controllers\Inicio))
#4 /var/www/html/proyectoModulo6/system/CodeIgniter.php(318): CodeIgniter\CodeIgniter->handleRequest(NULL, Object(Config\Cache), false)
#5 /var/www/html/proyectoModulo6/public/index.php(37): CodeIgniter\CodeIgniter->run()
#6 /var/www/html/proyectoModulo6/system/Commands/Server/rewrite.php(43): require_once('/var/www/html/p...')
#7 {main}
CRITICAL - 2021-11-17 15:03:40 --> Using $this when not in object context
#0 /var/www/html/proyectoModulo6/app/Controllers/Inicio.php(18): layout('inicio/inicio', Array, Array)
#1 /var/www/html/proyectoModulo6/system/CodeIgniter.php(824): App\Controllers\Inicio->index()
#2 /var/www/html/proyectoModulo6/system/CodeIgniter.php(410): CodeIgniter\CodeIgniter->runController(Object(App\Controllers\Inicio))
#3 /var/www/html/proyectoModulo6/system/CodeIgniter.php(318): CodeIgniter\CodeIgniter->handleRequest(NULL, Object(Config\Cache), false)
#4 /var/www/html/proyectoModulo6/public/index.php(37): CodeIgniter\CodeIgniter->run()
#5 /var/www/html/proyectoModulo6/system/Commands/Server/rewrite.php(43): require_once('/var/www/html/p...')
#6 {main}
CRITICAL - 2021-11-17 15:03:40 --> Using $this when not in object context
#0 /var/www/html/proyectoModulo6/app/Controllers/Inicio.php(18): layout('inicio/inicio', Array, Array)
#1 /var/www/html/proyectoModulo6/system/CodeIgniter.php(824): App\Controllers\Inicio->index()
#2 /var/www/html/proyectoModulo6/system/CodeIgniter.php(410): CodeIgniter\CodeIgniter->runController(Object(App\Controllers\Inicio))
#3 /var/www/html/proyectoModulo6/system/CodeIgniter.php(318): CodeIgniter\CodeIgniter->handleRequest(NULL, Object(Config\Cache), false)
#4 /var/www/html/proyectoModulo6/public/index.php(37): CodeIgniter\CodeIgniter->run()
#5 /var/www/html/proyectoModulo6/system/Commands/Server/rewrite.php(43): require_once('/var/www/html/p...')
#6 {main}
CRITICAL - 2021-11-17 15:03:40 --> Using $this when not in object context
#0 /var/www/html/proyectoModulo6/app/Controllers/Inicio.php(18): layout('inicio/inicio', Array, Array)
#1 /var/www/html/proyectoModulo6/system/CodeIgniter.php(824): App\Controllers\Inicio->index()
#2 /var/www/html/proyectoModulo6/system/CodeIgniter.php(410): CodeIgniter\CodeIgniter->runController(Object(App\Controllers\Inicio))
#3 /var/www/html/proyectoModulo6/system/CodeIgniter.php(318): CodeIgniter\CodeIgniter->handleRequest(NULL, Object(Config\Cache), false)
#4 /var/www/html/proyectoModulo6/public/index.php(37): CodeIgniter\CodeIgniter->run()
#5 /var/www/html/proyectoModulo6/system/Commands/Server/rewrite.php(43): require_once('/var/www/html/p...')
#6 {main}
CRITICAL - 2021-11-17 15:03:41 --> Using $this when not in object context
#0 /var/www/html/proyectoModulo6/app/Controllers/Inicio.php(18): layout('inicio/inicio', Array, Array)
#1 /var/www/html/proyectoModulo6/system/CodeIgniter.php(824): App\Controllers\Inicio->index()
#2 /var/www/html/proyectoModulo6/system/CodeIgniter.php(410): CodeIgniter\CodeIgniter->runController(Object(App\Controllers\Inicio))
#3 /var/www/html/proyectoModulo6/system/CodeIgniter.php(318): CodeIgniter\CodeIgniter->handleRequest(NULL, Object(Config\Cache), false)
#4 /var/www/html/proyectoModulo6/public/index.php(37): CodeIgniter\CodeIgniter->run()
#5 /var/www/html/proyectoModulo6/system/Commands/Server/rewrite.php(43): require_once('/var/www/html/p...')
#6 {main}
CRITICAL - 2021-11-17 15:03:51 --> Call to undefined function get_instance()
#0 /var/www/html/proyectoModulo6/app/Controllers/Inicio.php(18): layout('inicio/inicio', Array, Array)
#1 /var/www/html/proyectoModulo6/system/CodeIgniter.php(824): App\Controllers\Inicio->index()
#2 /var/www/html/proyectoModulo6/system/CodeIgniter.php(410): CodeIgniter\CodeIgniter->runController(Object(App\Controllers\Inicio))
#3 /var/www/html/proyectoModulo6/system/CodeIgniter.php(318): CodeIgniter\CodeIgniter->handleRequest(NULL, Object(Config\Cache), false)
#4 /var/www/html/proyectoModulo6/public/index.php(37): CodeIgniter\CodeIgniter->run()
#5 /var/www/html/proyectoModulo6/system/Commands/Server/rewrite.php(43): require_once('/var/www/html/p...')
#6 {main}
CRITICAL - 2021-11-17 15:03:51 --> Call to undefined function get_instance()
#0 /var/www/html/proyectoModulo6/app/Controllers/Inicio.php(18): layout('inicio/inicio', Array, Array)
#1 /var/www/html/proyectoModulo6/system/CodeIgniter.php(824): App\Controllers\Inicio->index()
#2 /var/www/html/proyectoModulo6/system/CodeIgniter.php(410): CodeIgniter\CodeIgniter->runController(Object(App\Controllers\Inicio))
#3 /var/www/html/proyectoModulo6/system/CodeIgniter.php(318): CodeIgniter\CodeIgniter->handleRequest(NULL, Object(Config\Cache), false)
#4 /var/www/html/proyectoModulo6/public/index.php(37): CodeIgniter\CodeIgniter->run()
#5 /var/www/html/proyectoModulo6/system/Commands/Server/rewrite.php(43): require_once('/var/www/html/p...')
#6 {main}
CRITICAL - 2021-11-17 15:03:52 --> Call to undefined function get_instance()
#0 /var/www/html/proyectoModulo6/app/Controllers/Inicio.php(18): layout('inicio/inicio', Array, Array)
#1 /var/www/html/proyectoModulo6/system/CodeIgniter.php(824): App\Controllers\Inicio->index()
#2 /var/www/html/proyectoModulo6/system/CodeIgniter.php(410): CodeIgniter\CodeIgniter->runController(Object(App\Controllers\Inicio))
#3 /var/www/html/proyectoModulo6/system/CodeIgniter.php(318): CodeIgniter\CodeIgniter->handleRequest(NULL, Object(Config\Cache), false)
#4 /var/www/html/proyectoModulo6/public/index.php(37): CodeIgniter\CodeIgniter->run()
#5 /var/www/html/proyectoModulo6/system/Commands/Server/rewrite.php(43): require_once('/var/www/html/p...')
#6 {main}
CRITICAL - 2021-11-17 15:03:56 --> Return value of get_instance() must be an instance of App\Controllers\BaseController, null returned
#0 /var/www/html/proyectoModulo6/app/Helpers/layout_helper.php(4): get_instance()
#1 /var/www/html/proyectoModulo6/app/Controllers/Inicio.php(18): layout('inicio/inicio', Array, Array)
#2 /var/www/html/proyectoModulo6/system/CodeIgniter.php(824): App\Controllers\Inicio->index()
#3 /var/www/html/proyectoModulo6/system/CodeIgniter.php(410): CodeIgniter\CodeIgniter->runController(Object(App\Controllers\Inicio))
#4 /var/www/html/proyectoModulo6/system/CodeIgniter.php(318): CodeIgniter\CodeIgniter->handleRequest(NULL, Object(Config\Cache), false)
#5 /var/www/html/proyectoModulo6/public/index.php(37): CodeIgniter\CodeIgniter->run()
#6 /var/www/html/proyectoModulo6/system/Commands/Server/rewrite.php(43): require_once('/var/www/html/p...')
#7 {main}
CRITICAL - 2021-11-17 15:03:56 --> Return value of get_instance() must be an instance of App\Controllers\BaseController, null returned
#0 /var/www/html/proyectoModulo6/app/Helpers/layout_helper.php(4): get_instance()
#1 /var/www/html/proyectoModulo6/app/Controllers/Inicio.php(18): layout('inicio/inicio', Array, Array)
#2 /var/www/html/proyectoModulo6/system/CodeIgniter.php(824): App\Controllers\Inicio->index()
#3 /var/www/html/proyectoModulo6/system/CodeIgniter.php(410): CodeIgniter\CodeIgniter->runController(Object(App\Controllers\Inicio))
#4 /var/www/html/proyectoModulo6/system/CodeIgniter.php(318): CodeIgniter\CodeIgniter->handleRequest(NULL, Object(Config\Cache), false)
#5 /var/www/html/proyectoModulo6/public/index.php(37): CodeIgniter\CodeIgniter->run()
#6 /var/www/html/proyectoModulo6/system/Commands/Server/rewrite.php(43): require_once('/var/www/html/p...')
#7 {main}
CRITICAL - 2021-11-17 15:03:56 --> Return value of get_instance() must be an instance of App\Controllers\BaseController, null returned
#0 /var/www/html/proyectoModulo6/app/Helpers/layout_helper.php(4): get_instance()
#1 /var/www/html/proyectoModulo6/app/Controllers/Inicio.php(18): layout('inicio/inicio', Array, Array)
#2 /var/www/html/proyectoModulo6/system/CodeIgniter.php(824): App\Controllers\Inicio->index()
#3 /var/www/html/proyectoModulo6/system/CodeIgniter.php(410): CodeIgniter\CodeIgniter->runController(Object(App\Controllers\Inicio))
#4 /var/www/html/proyectoModulo6/system/CodeIgniter.php(318): CodeIgniter\CodeIgniter->handleRequest(NULL, Object(Config\Cache), false)
#5 /var/www/html/proyectoModulo6/public/index.php(37): CodeIgniter\CodeIgniter->run()
#6 /var/www/html/proyectoModulo6/system/Commands/Server/rewrite.php(43): require_once('/var/www/html/p...')
#7 {main}
CRITICAL - 2021-11-17 15:05:26 --> Return value of get_instance() must be an instance of App\Controllers\BaseController, null returned
#0 /var/www/html/proyectoModulo6/app/Helpers/layout_helper.php(4): get_instance()
#1 /var/www/html/proyectoModulo6/app/Controllers/Inicio.php(18): layout('inicio/inicio', Array, Array)
#2 /var/www/html/proyectoModulo6/system/CodeIgniter.php(824): App\Controllers\Inicio->index()
#3 /var/www/html/proyectoModulo6/system/CodeIgniter.php(410): CodeIgniter\CodeIgniter->runController(Object(App\Controllers\Inicio))
#4 /var/www/html/proyectoModulo6/system/CodeIgniter.php(318): CodeIgniter\CodeIgniter->handleRequest(NULL, Object(Config\Cache), false)
#5 /var/www/html/proyectoModulo6/public/index.php(37): CodeIgniter\CodeIgniter->run()
#6 /var/www/html/proyectoModulo6/system/Commands/Server/rewrite.php(43): require_once('/var/www/html/p...')
#7 {main}
CRITICAL - 2021-11-17 15:06:34 --> syntax error, unexpected 'register_ci_instance' (T_STRING), expecting function (T_FUNCTION) or const (T_CONST)
#0 /var/www/html/proyectoModulo6/system/Autoloader/Autoloader.php(241): CodeIgniter\Autoloader\Autoloader->includeFile('/var/www/html/p...')
#1 /var/www/html/proyectoModulo6/system/Autoloader/Autoloader.php(219): CodeIgniter\Autoloader\Autoloader->loadInNamespace('App\\Controllers...')
#2 [internal function]: CodeIgniter\Autoloader\Autoloader->loadClass('App\\Controllers...')
#3 /var/www/html/proyectoModulo6/app/Controllers/Inicio.php(4): spl_autoload_call('App\\Controllers...')
#4 /var/www/html/proyectoModulo6/system/Autoloader/Autoloader.php(264): include_once('/var/www/html/p...')
#5 /var/www/html/proyectoModulo6/system/Autoloader/Autoloader.php(241): CodeIgniter\Autoloader\Autoloader->includeFile('/var/www/html/p...')
#6 /var/www/html/proyectoModulo6/system/Autoloader/Autoloader.php(219): CodeIgniter\Autoloader\Autoloader->loadInNamespace('App\\Controllers...')
#7 [internal function]: CodeIgniter\Autoloader\Autoloader->loadClass('App\\Controllers...')
#8 [internal function]: spl_autoload_call('App\\Controllers...')
#9 /var/www/html/proyectoModulo6/system/CodeIgniter.php(789): class_exists('\\App\\Controller...', true)
#10 /var/www/html/proyectoModulo6/system/CodeIgniter.php(397): CodeIgniter\CodeIgniter->startController()
#11 /var/www/html/proyectoModulo6/system/CodeIgniter.php(318): CodeIgniter\CodeIgniter->handleRequest(NULL, Object(Config\Cache), false)
#12 /var/www/html/proyectoModulo6/public/index.php(37): CodeIgniter\CodeIgniter->run()
#13 /var/www/html/proyectoModulo6/system/Commands/Server/rewrite.php(43): require_once('/var/www/html/p...')
#14 {main}
CRITICAL - 2021-11-17 15:07:41 --> Return value of get_instance() must be an instance of App\Controllers\BaseController, null returned
#0 /var/www/html/proyectoModulo6/app/Helpers/layout_helper.php(5): get_instance()
#1 /var/www/html/proyectoModulo6/app/Controllers/Inicio.php(18): layout('inicio/inicio', Array, Array)
#2 /var/www/html/proyectoModulo6/system/CodeIgniter.php(824): App\Controllers\Inicio->index()
#3 /var/www/html/proyectoModulo6/system/CodeIgniter.php(410): CodeIgniter\CodeIgniter->runController(Object(App\Controllers\Inicio))
#4 /var/www/html/proyectoModulo6/system/CodeIgniter.php(318): CodeIgniter\CodeIgniter->handleRequest(NULL, Object(Config\Cache), false)
#5 /var/www/html/proyectoModulo6/public/index.php(37): CodeIgniter\CodeIgniter->run()
#6 /var/www/html/proyectoModulo6/system/Commands/Server/rewrite.php(43): require_once('/var/www/html/p...')
#7 {main}
CRITICAL - 2021-11-17 15:07:48 --> Call to undefined function get_instance()
#0 /var/www/html/proyectoModulo6/app/Controllers/Inicio.php(18): layout('inicio/inicio', Array, Array)
#1 /var/www/html/proyectoModulo6/system/CodeIgniter.php(824): App\Controllers\Inicio->index()
#2 /var/www/html/proyectoModulo6/system/CodeIgniter.php(410): CodeIgniter\CodeIgniter->runController(Object(App\Controllers\Inicio))
#3 /var/www/html/proyectoModulo6/system/CodeIgniter.php(318): CodeIgniter\CodeIgniter->handleRequest(NULL, Object(Config\Cache), false)
#4 /var/www/html/proyectoModulo6/public/index.php(37): CodeIgniter\CodeIgniter->run()
#5 /var/www/html/proyectoModulo6/system/Commands/Server/rewrite.php(43): require_once('/var/www/html/p...')
#6 {main}
CRITICAL - 2021-11-17 15:07:54 --> Return value of get_instance() must be an instance of App\Controllers\BaseController, null returned
#0 /var/www/html/proyectoModulo6/app/Helpers/layout_helper.php(5): get_instance()
#1 /var/www/html/proyectoModulo6/app/Controllers/Inicio.php(18): layout('inicio/inicio', Array, Array)
#2 /var/www/html/proyectoModulo6/system/CodeIgniter.php(824): App\Controllers\Inicio->index()
#3 /var/www/html/proyectoModulo6/system/CodeIgniter.php(410): CodeIgniter\CodeIgniter->runController(Object(App\Controllers\Inicio))
#4 /var/www/html/proyectoModulo6/system/CodeIgniter.php(318): CodeIgniter\CodeIgniter->handleRequest(NULL, Object(Config\Cache), false)
#5 /var/www/html/proyectoModulo6/public/index.php(37): CodeIgniter\CodeIgniter->run()
#6 /var/www/html/proyectoModulo6/system/Commands/Server/rewrite.php(43): require_once('/var/www/html/p...')
#7 {main}
CRITICAL - 2021-11-17 15:08:04 --> Return value of get_instance() must be an instance of App\Controllers\BaseController, null returned
#0 /var/www/html/proyectoModulo6/app/Helpers/layout_helper.php(4): get_instance()
#1 /var/www/html/proyectoModulo6/app/Controllers/Inicio.php(18): layout('inicio/inicio', Array, Array)
#2 /var/www/html/proyectoModulo6/system/CodeIgniter.php(824): App\Controllers\Inicio->index()
#3 /var/www/html/proyectoModulo6/system/CodeIgniter.php(410): CodeIgniter\CodeIgniter->runController(Object(App\Controllers\Inicio))
#4 /var/www/html/proyectoModulo6/system/CodeIgniter.php(318): CodeIgniter\CodeIgniter->handleRequest(NULL, Object(Config\Cache), false)
#5 /var/www/html/proyectoModulo6/public/index.php(37): CodeIgniter\CodeIgniter->run()
#6 /var/www/html/proyectoModulo6/system/Commands/Server/rewrite.php(43): require_once('/var/www/html/p...')
#7 {main}
CRITICAL - 2021-11-17 15:08:05 --> Return value of get_instance() must be an instance of App\Controllers\BaseController, null returned
#0 /var/www/html/proyectoModulo6/app/Helpers/layout_helper.php(4): get_instance()
#1 /var/www/html/proyectoModulo6/app/Controllers/Inicio.php(18): layout('inicio/inicio', Array, Array)
#2 /var/www/html/proyectoModulo6/system/CodeIgniter.php(824): App\Controllers\Inicio->index()
#3 /var/www/html/proyectoModulo6/system/CodeIgniter.php(410): CodeIgniter\CodeIgniter->runController(Object(App\Controllers\Inicio))
#4 /var/www/html/proyectoModulo6/system/CodeIgniter.php(318): CodeIgniter\CodeIgniter->handleRequest(NULL, Object(Config\Cache), false)
#5 /var/www/html/proyectoModulo6/public/index.php(37): CodeIgniter\CodeIgniter->run()
#6 /var/www/html/proyectoModulo6/system/Commands/Server/rewrite.php(43): require_once('/var/www/html/p...')
#7 {main}
CRITICAL - 2021-11-17 15:08:05 --> Return value of get_instance() must be an instance of App\Controllers\BaseController, null returned
#0 /var/www/html/proyectoModulo6/app/Helpers/layout_helper.php(4): get_instance()
#1 /var/www/html/proyectoModulo6/app/Controllers/Inicio.php(18): layout('inicio/inicio', Array, Array)
#2 /var/www/html/proyectoModulo6/system/CodeIgniter.php(824): App\Controllers\Inicio->index()
#3 /var/www/html/proyectoModulo6/system/CodeIgniter.php(410): CodeIgniter\CodeIgniter->runController(Object(App\Controllers\Inicio))
#4 /var/www/html/proyectoModulo6/system/CodeIgniter.php(318): CodeIgniter\CodeIgniter->handleRequest(NULL, Object(Config\Cache), false)
#5 /var/www/html/proyectoModulo6/public/index.php(37): CodeIgniter\CodeIgniter->run()
#6 /var/www/html/proyectoModulo6/system/Commands/Server/rewrite.php(43): require_once('/var/www/html/p...')
#7 {main}
CRITICAL - 2021-11-17 15:18:46 --> Call to undefined function App\Controllers\layout()
#0 /var/www/html/proyectoModulo6/system/CodeIgniter.php(824): App\Controllers\Inicio->index()
#1 /var/www/html/proyectoModulo6/system/CodeIgniter.php(410): CodeIgniter\CodeIgniter->runController(Object(App\Controllers\Inicio))
#2 /var/www/html/proyectoModulo6/system/CodeIgniter.php(318): CodeIgniter\CodeIgniter->handleRequest(NULL, Object(Config\Cache), false)
#3 /var/www/html/proyectoModulo6/public/index.php(37): CodeIgniter\CodeIgniter->run()
#4 /var/www/html/proyectoModulo6/system/Commands/Server/rewrite.php(43): require_once('/var/www/html/p...')
#5 {main}
CRITICAL - 2021-11-17 15:18:47 --> Call to undefined function App\Controllers\layout()
#0 /var/www/html/proyectoModulo6/system/CodeIgniter.php(824): App\Controllers\Inicio->index()
#1 /var/www/html/proyectoModulo6/system/CodeIgniter.php(410): CodeIgniter\CodeIgniter->runController(Object(App\Controllers\Inicio))
#2 /var/www/html/proyectoModulo6/system/CodeIgniter.php(318): CodeIgniter\CodeIgniter->handleRequest(NULL, Object(Config\Cache), false)
#3 /var/www/html/proyectoModulo6/public/index.php(37): CodeIgniter\CodeIgniter->run()
#4 /var/www/html/proyectoModulo6/system/Commands/Server/rewrite.php(43): require_once('/var/www/html/p...')
#5 {main}
CRITICAL - 2021-11-17 15:18:47 --> Call to undefined function App\Controllers\layout()
#0 /var/www/html/proyectoModulo6/system/CodeIgniter.php(824): App\Controllers\Inicio->index()
#1 /var/www/html/proyectoModulo6/system/CodeIgniter.php(410): CodeIgniter\CodeIgniter->runController(Object(App\Controllers\Inicio))
#2 /var/www/html/proyectoModulo6/system/CodeIgniter.php(318): CodeIgniter\CodeIgniter->handleRequest(NULL, Object(Config\Cache), false)
#3 /var/www/html/proyectoModulo6/public/index.php(37): CodeIgniter\CodeIgniter->run()
#4 /var/www/html/proyectoModulo6/system/Commands/Server/rewrite.php(43): require_once('/var/www/html/p...')
#5 {main}
CRITICAL - 2021-11-17 15:19:14 --> Undefined property: App\Controllers\Inicio::$load
#0 /var/www/html/proyectoModulo6/app/Helpers/layout_helper.php(8): CodeIgniter\Debug\Exceptions->errorHandler(8, 'Undefined prope...', '/var/www/html/p...', 8, Array)
#1 /var/www/html/proyectoModulo6/app/Controllers/Inicio.php(18): layout('inicio/inicio', Array, Array, Object(App\Controllers\Inicio))
#2 /var/www/html/proyectoModulo6/system/CodeIgniter.php(824): App\Controllers\Inicio->index()
#3 /var/www/html/proyectoModulo6/system/CodeIgniter.php(410): CodeIgniter\CodeIgniter->runController(Object(App\Controllers\Inicio))
#4 /var/www/html/proyectoModulo6/system/CodeIgniter.php(318): CodeIgniter\CodeIgniter->handleRequest(NULL, Object(Config\Cache), false)
#5 /var/www/html/proyectoModulo6/public/index.php(37): CodeIgniter\CodeIgniter->run()
#6 /var/www/html/proyectoModulo6/system/Commands/Server/rewrite.php(43): require_once('/var/www/html/p...')
#7 {main}
CRITICAL - 2021-11-17 15:19:14 --> Undefined property: App\Controllers\Inicio::$load
#0 /var/www/html/proyectoModulo6/app/Helpers/layout_helper.php(8): CodeIgniter\Debug\Exceptions->errorHandler(8, 'Undefined prope...', '/var/www/html/p...', 8, Array)
#1 /var/www/html/proyectoModulo6/app/Controllers/Inicio.php(18): layout('inicio/inicio', Array, Array, Object(App\Controllers\Inicio))
#2 /var/www/html/proyectoModulo6/system/CodeIgniter.php(824): App\Controllers\Inicio->index()
#3 /var/www/html/proyectoModulo6/system/CodeIgniter.php(410): CodeIgniter\CodeIgniter->runController(Object(App\Controllers\Inicio))
#4 /var/www/html/proyectoModulo6/system/CodeIgniter.php(318): CodeIgniter\CodeIgniter->handleRequest(NULL, Object(Config\Cache), false)
#5 /var/www/html/proyectoModulo6/public/index.php(37): CodeIgniter\CodeIgniter->run()
#6 /var/www/html/proyectoModulo6/system/Commands/Server/rewrite.php(43): require_once('/var/www/html/p...')
#7 {main}
CRITICAL - 2021-11-17 15:19:15 --> Undefined property: App\Controllers\Inicio::$load
#0 /var/www/html/proyectoModulo6/app/Helpers/layout_helper.php(8): CodeIgniter\Debug\Exceptions->errorHandler(8, 'Undefined prope...', '/var/www/html/p...', 8, Array)
#1 /var/www/html/proyectoModulo6/app/Controllers/Inicio.php(18): layout('inicio/inicio', Array, Array, Object(App\Controllers\Inicio))
#2 /var/www/html/proyectoModulo6/system/CodeIgniter.php(824): App\Controllers\Inicio->index()
#3 /var/www/html/proyectoModulo6/system/CodeIgniter.php(410): CodeIgniter\CodeIgniter->runController(Object(App\Controllers\Inicio))
#4 /var/www/html/proyectoModulo6/system/CodeIgniter.php(318): CodeIgniter\CodeIgniter->handleRequest(NULL, Object(Config\Cache), false)
#5 /var/www/html/proyectoModulo6/public/index.php(37): CodeIgniter\CodeIgniter->run()
#6 /var/www/html/proyectoModulo6/system/Commands/Server/rewrite.php(43): require_once('/var/www/html/p...')
#7 {main}
CRITICAL - 2021-11-17 15:20:06 --> Invalid file: template/header.php
#0 /var/www/html/proyectoModulo6/system/View/View.php(198): CodeIgniter\Exceptions\FrameworkException::forInvalidFile('template/header...')
#1 /var/www/html/proyectoModulo6/system/Common.php(1097): CodeIgniter\View\View->render('template/header', Array, true)
#2 /var/www/html/proyectoModulo6/app/Helpers/layout_helper.php(8): view('template/header', Array)
#3 /var/www/html/proyectoModulo6/app/Controllers/Inicio.php(18): layout('inicio/inicio', Array, Array, Object(App\Controllers\Inicio))
#4 /var/www/html/proyectoModulo6/system/CodeIgniter.php(824): App\Controllers\Inicio->index()
#5 /var/www/html/proyectoModulo6/system/CodeIgniter.php(410): CodeIgniter\CodeIgniter->runController(Object(App\Controllers\Inicio))
#6 /var/www/html/proyectoModulo6/system/CodeIgniter.php(318): CodeIgniter\CodeIgniter->handleRequest(NULL, Object(Config\Cache), false)
#7 /var/www/html/proyectoModulo6/public/index.php(37): CodeIgniter\CodeIgniter->run()
#8 /var/www/html/proyectoModulo6/system/Commands/Server/rewrite.php(43): require_once('/var/www/html/p...')
#9 {main}
CRITICAL - 2021-11-17 15:20:18 --> Invalid file: template/header.php
#0 /var/www/html/proyectoModulo6/system/View/View.php(198): CodeIgniter\Exceptions\FrameworkException::forInvalidFile('template/header...')
#1 /var/www/html/proyectoModulo6/system/Common.php(1097): CodeIgniter\View\View->render('template/header', Array, true)
#2 /var/www/html/proyectoModulo6/app/Helpers/layout_helper.php(8): view('template/header', Array)
#3 /var/www/html/proyectoModulo6/app/Controllers/Inicio.php(18): layout('inicio/inicio', Array, Array, Object(App\Controllers\Inicio))
#4 /var/www/html/proyectoModulo6/system/CodeIgniter.php(824): App\Controllers\Inicio->index()
#5 /var/www/html/proyectoModulo6/system/CodeIgniter.php(410): CodeIgniter\CodeIgniter->runController(Object(App\Controllers\Inicio))
#6 /var/www/html/proyectoModulo6/system/CodeIgniter.php(318): CodeIgniter\CodeIgniter->handleRequest(NULL, Object(Config\Cache), false)
#7 /var/www/html/proyectoModulo6/public/index.php(37): CodeIgniter\CodeIgniter->run()
#8 /var/www/html/proyectoModulo6/system/Commands/Server/rewrite.php(43): require_once('/var/www/html/p...')
#9 {main}
CRITICAL - 2021-11-17 15:20:25 --> Invalid file: template/header.php
#0 /var/www/html/proyectoModulo6/system/View/View.php(198): CodeIgniter\Exceptions\FrameworkException::forInvalidFile('template/header...')
#1 /var/www/html/proyectoModulo6/system/Common.php(1097): CodeIgniter\View\View->render('template/header', Array, true)
#2 /var/www/html/proyectoModulo6/app/Helpers/layout_helper.php(8): view('template/header', Array)
#3 /var/www/html/proyectoModulo6/app/Controllers/Inicio.php(18): layout('inicio/inicio', Array, Array, Object(App\Controllers\Inicio))
#4 /var/www/html/proyectoModulo6/system/CodeIgniter.php(824): App\Controllers\Inicio->index()
#5 /var/www/html/proyectoModulo6/system/CodeIgniter.php(410): CodeIgniter\CodeIgniter->runController(Object(App\Controllers\Inicio))
#6 /var/www/html/proyectoModulo6/system/CodeIgniter.php(318): CodeIgniter\CodeIgniter->handleRequest(NULL, Object(Config\Cache), false)
#7 /var/www/html/proyectoModulo6/public/index.php(37): CodeIgniter\CodeIgniter->run()
#8 /var/www/html/proyectoModulo6/system/Commands/Server/rewrite.php(43): require_once('/var/www/html/p...')
#9 {main}
CRITICAL - 2021-11-17 15:20:25 --> Invalid file: template/header.php
#0 /var/www/html/proyectoModulo6/system/View/View.php(198): CodeIgniter\Exceptions\FrameworkException::forInvalidFile('template/header...')
#1 /var/www/html/proyectoModulo6/system/Common.php(1097): CodeIgniter\View\View->render('template/header', Array, true)
#2 /var/www/html/proyectoModulo6/app/Helpers/layout_helper.php(8): view('template/header', Array)
#3 /var/www/html/proyectoModulo6/app/Controllers/Inicio.php(18): layout('inicio/inicio', Array, Array, Object(App\Controllers\Inicio))
#4 /var/www/html/proyectoModulo6/system/CodeIgniter.php(824): App\Controllers\Inicio->index()
#5 /var/www/html/proyectoModulo6/system/CodeIgniter.php(410): CodeIgniter\CodeIgniter->runController(Object(App\Controllers\Inicio))
#6 /var/www/html/proyectoModulo6/system/CodeIgniter.php(318): CodeIgniter\CodeIgniter->handleRequest(NULL, Object(Config\Cache), false)
#7 /var/www/html/proyectoModulo6/public/index.php(37): CodeIgniter\CodeIgniter->run()
#8 /var/www/html/proyectoModulo6/system/Commands/Server/rewrite.php(43): require_once('/var/www/html/p...')
#9 {main}
CRITICAL - 2021-11-17 15:20:25 --> Invalid file: template/header.php
#0 /var/www/html/proyectoModulo6/system/View/View.php(198): CodeIgniter\Exceptions\FrameworkException::forInvalidFile('template/header...')
#1 /var/www/html/proyectoModulo6/system/Common.php(1097): CodeIgniter\View\View->render('template/header', Array, true)
#2 /var/www/html/proyectoModulo6/app/Helpers/layout_helper.php(8): view('template/header', Array)
#3 /var/www/html/proyectoModulo6/app/Controllers/Inicio.php(18): layout('inicio/inicio', Array, Array, Object(App\Controllers\Inicio))
#4 /var/www/html/proyectoModulo6/system/CodeIgniter.php(824): App\Controllers\Inicio->index()
#5 /var/www/html/proyectoModulo6/system/CodeIgniter.php(410): CodeIgniter\CodeIgniter->runController(Object(App\Controllers\Inicio))
#6 /var/www/html/proyectoModulo6/system/CodeIgniter.php(318): CodeIgniter\CodeIgniter->handleRequest(NULL, Object(Config\Cache), false)
#7 /var/www/html/proyectoModulo6/public/index.php(37): CodeIgniter\CodeIgniter->run()
#8 /var/www/html/proyectoModulo6/system/Commands/Server/rewrite.php(43): require_once('/var/www/html/p...')
#9 {main}
CRITICAL - 2021-11-17 15:20:40 --> Invalid file: template/menu.php
#0 /var/www/html/proyectoModulo6/system/View/View.php(198): CodeIgniter\Exceptions\FrameworkException::forInvalidFile('template/menu.p...')
#1 /var/www/html/proyectoModulo6/system/Common.php(1097): CodeIgniter\View\View->render('template/menu', Array, true)
#2 /var/www/html/proyectoModulo6/app/Helpers/layout_helper.php(9): view('template/menu', Array)
#3 /var/www/html/proyectoModulo6/app/Controllers/Inicio.php(18): layout('inicio/inicio', Array, Array, Object(App\Controllers\Inicio))
#4 /var/www/html/proyectoModulo6/system/CodeIgniter.php(824): App\Controllers\Inicio->index()
#5 /var/www/html/proyectoModulo6/system/CodeIgniter.php(410): CodeIgniter\CodeIgniter->runController(Object(App\Controllers\Inicio))
#6 /var/www/html/proyectoModulo6/system/CodeIgniter.php(318): CodeIgniter\CodeIgniter->handleRequest(NULL, Object(Config\Cache), false)
#7 /var/www/html/proyectoModulo6/public/index.php(37): CodeIgniter\CodeIgniter->run()
#8 /var/www/html/proyectoModulo6/system/Commands/Server/rewrite.php(43): require_once('/var/www/html/p...')
#9 {main}
CRITICAL - 2021-11-17 15:20:40 --> Invalid file: template/menu.php
#0 /var/www/html/proyectoModulo6/system/View/View.php(198): CodeIgniter\Exceptions\FrameworkException::forInvalidFile('template/menu.p...')
#1 /var/www/html/proyectoModulo6/system/Common.php(1097): CodeIgniter\View\View->render('template/menu', Array, true)
#2 /var/www/html/proyectoModulo6/app/Helpers/layout_helper.php(9): view('template/menu', Array)
#3 /var/www/html/proyectoModulo6/app/Controllers/Inicio.php(18): layout('inicio/inicio', Array, Array, Object(App\Controllers\Inicio))
#4 /var/www/html/proyectoModulo6/system/CodeIgniter.php(824): App\Controllers\Inicio->index()
#5 /var/www/html/proyectoModulo6/system/CodeIgniter.php(410): CodeIgniter\CodeIgniter->runController(Object(App\Controllers\Inicio))
#6 /var/www/html/proyectoModulo6/system/CodeIgniter.php(318): CodeIgniter\CodeIgniter->handleRequest(NULL, Object(Config\Cache), false)
#7 /var/www/html/proyectoModulo6/public/index.php(37): CodeIgniter\CodeIgniter->run()
#8 /var/www/html/proyectoModulo6/system/Commands/Server/rewrite.php(43): require_once('/var/www/html/p...')
#9 {main}
CRITICAL - 2021-11-17 15:20:41 --> Invalid file: template/menu.php
#0 /var/www/html/proyectoModulo6/system/View/View.php(198): CodeIgniter\Exceptions\FrameworkException::forInvalidFile('template/menu.p...')
#1 /var/www/html/proyectoModulo6/system/Common.php(1097): CodeIgniter\View\View->render('template/menu', Array, true)
#2 /var/www/html/proyectoModulo6/app/Helpers/layout_helper.php(9): view('template/menu', Array)
#3 /var/www/html/proyectoModulo6/app/Controllers/Inicio.php(18): layout('inicio/inicio', Array, Array, Object(App\Controllers\Inicio))
#4 /var/www/html/proyectoModulo6/system/CodeIgniter.php(824): App\Controllers\Inicio->index()
#5 /var/www/html/proyectoModulo6/system/CodeIgniter.php(410): CodeIgniter\CodeIgniter->runController(Object(App\Controllers\Inicio))
#6 /var/www/html/proyectoModulo6/system/CodeIgniter.php(318): CodeIgniter\CodeIgniter->handleRequest(NULL, Object(Config\Cache), false)
#7 /var/www/html/proyectoModulo6/public/index.php(37): CodeIgniter\CodeIgniter->run()
#8 /var/www/html/proyectoModulo6/system/Commands/Server/rewrite.php(43): require_once('/var/www/html/p...')
#9 {main}
CRITICAL - 2021-11-17 15:20:47 --> Invalid file: template/footer.php
#0 /var/www/html/proyectoModulo6/system/View/View.php(198): CodeIgniter\Exceptions\FrameworkException::forInvalidFile('template/footer...')
#1 /var/www/html/proyectoModulo6/system/Common.php(1097): CodeIgniter\View\View->render('template/footer', Array, true)
#2 /var/www/html/proyectoModulo6/app/Helpers/layout_helper.php(11): view('template/footer')
#3 /var/www/html/proyectoModulo6/app/Controllers/Inicio.php(18): layout('inicio/inicio', Array, Array, Object(App\Controllers\Inicio))
#4 /var/www/html/proyectoModulo6/system/CodeIgniter.php(824): App\Controllers\Inicio->index()
#5 /var/www/html/proyectoModulo6/system/CodeIgniter.php(410): CodeIgniter\CodeIgniter->runController(Object(App\Controllers\Inicio))
#6 /var/www/html/proyectoModulo6/system/CodeIgniter.php(318): CodeIgniter\CodeIgniter->handleRequest(NULL, Object(Config\Cache), false)
#7 /var/www/html/proyectoModulo6/public/index.php(37): CodeIgniter\CodeIgniter->run()
#8 /var/www/html/proyectoModulo6/system/Commands/Server/rewrite.php(43): require_once('/var/www/html/p...')
#9 {main}
CRITICAL - 2021-11-17 15:20:56 --> Invalid file: template/scripts.php
#0 /var/www/html/proyectoModulo6/system/View/View.php(198): CodeIgniter\Exceptions\FrameworkException::forInvalidFile('template/script...')
#1 /var/www/html/proyectoModulo6/system/Common.php(1097): CodeIgniter\View\View->render('template/script...', Array, true)
#2 /var/www/html/proyectoModulo6/app/Helpers/layout_helper.php(12): view('template/script...', Array)
#3 /var/www/html/proyectoModulo6/app/Controllers/Inicio.php(18): layout('inicio/inicio', Array, Array, Object(App\Controllers\Inicio))
#4 /var/www/html/proyectoModulo6/system/CodeIgniter.php(824): App\Controllers\Inicio->index()
#5 /var/www/html/proyectoModulo6/system/CodeIgniter.php(410): CodeIgniter\CodeIgniter->runController(Object(App\Controllers\Inicio))
#6 /var/www/html/proyectoModulo6/system/CodeIgniter.php(318): CodeIgniter\CodeIgniter->handleRequest(NULL, Object(Config\Cache), false)
#7 /var/www/html/proyectoModulo6/public/index.php(37): CodeIgniter\CodeIgniter->run()
#8 /var/www/html/proyectoModulo6/system/Commands/Server/rewrite.php(43): require_once('/var/www/html/p...')
#9 {main}
CRITICAL - 2021-11-17 16:03:12 --> Too few arguments to function layout(), 3 passed in /var/www/html/proyectoModulo6/app/Controllers/Login.php on line 25 and exactly 4 expected
#0 /var/www/html/proyectoModulo6/app/Controllers/Login.php(25): layout('login', Array, Array)
#1 /var/www/html/proyectoModulo6/system/CodeIgniter.php(824): App\Controllers\Login->index()
#2 /var/www/html/proyectoModulo6/system/CodeIgniter.php(410): CodeIgniter\CodeIgniter->runController(Object(App\Controllers\Login))
#3 /var/www/html/proyectoModulo6/system/CodeIgniter.php(318): CodeIgniter\CodeIgniter->handleRequest(NULL, Object(Config\Cache), false)
#4 /var/www/html/proyectoModulo6/public/index.php(37): CodeIgniter\CodeIgniter->run()
#5 /var/www/html/proyectoModulo6/system/Commands/Server/rewrite.php(43): require_once('/var/www/html/p...')
#6 {main}
CRITICAL - 2021-11-17 16:04:20 --> Call to undefined method CodeIgniter\HTTP\RedirectResponse::route_to()
#0 /var/www/html/proyectoModulo6/system/CodeIgniter.php(824): App\Controllers\Login->logout()
#1 /var/www/html/proyectoModulo6/system/CodeIgniter.php(410): CodeIgniter\CodeIgniter->runController(Object(App\Controllers\Login))
#2 /var/www/html/proyectoModulo6/system/CodeIgniter.php(318): CodeIgniter\CodeIgniter->handleRequest(NULL, Object(Config\Cache), false)
#3 /var/www/html/proyectoModulo6/public/index.php(37): CodeIgniter\CodeIgniter->run()
#4 /var/www/html/proyectoModulo6/system/Commands/Server/rewrite.php(43): require_once('/var/www/html/p...')
#5 {main}
