CRITICAL - 2021-12-02 19:46:32 --> Too few arguments to function App\Controllers\Categorias::show(), 0 passed in /var/www/html/proyectoModulo6/system/CodeIgniter.php on line 824 and exactly 1 expected
#0 /var/www/html/proyectoModulo6/system/CodeIgniter.php(824): App\Controllers\Categorias->show()
#1 /var/www/html/proyectoModulo6/system/CodeIgniter.php(410): CodeIgniter\CodeIgniter->runController(Object(App\Controllers\Categorias))
#2 /var/www/html/proyectoModulo6/system/CodeIgniter.php(318): CodeIgniter\CodeIgniter->handleRequest(NULL, Object(Config\Cache), false)
#3 /var/www/html/proyectoModulo6/public/index.php(37): CodeIgniter\CodeIgniter->run()
#4 /var/www/html/proyectoModulo6/system/Commands/Server/rewrite.php(43): require_once('/var/www/html/p...')
#5 {main}
CRITICAL - 2021-12-02 19:47:33 --> Object of class App\Entities\Categoria could not be converted to string
#0 /var/www/html/proyectoModulo6/app/Controllers/Categorias.php(65): CodeIgniter\Debug\Exceptions->errorHandler(4096, 'Object of class...', '/var/www/html/p...', 65, Array)
#1 /var/www/html/proyectoModulo6/system/CodeIgniter.php(824): App\Controllers\Categorias->show('2')
#2 /var/www/html/proyectoModulo6/system/CodeIgniter.php(410): CodeIgniter\CodeIgniter->runController(Object(App\Controllers\Categorias))
#3 /var/www/html/proyectoModulo6/system/CodeIgniter.php(318): CodeIgniter\CodeIgniter->handleRequest(NULL, Object(Config\Cache), false)
#4 /var/www/html/proyectoModulo6/public/index.php(37): CodeIgniter\CodeIgniter->run()
#5 /var/www/html/proyectoModulo6/system/Commands/Server/rewrite.php(43): require_once('/var/www/html/p...')
#6 {main}
CRITICAL - 2021-12-02 19:47:34 --> Object of class App\Entities\Categoria could not be converted to string
#0 /var/www/html/proyectoModulo6/app/Controllers/Categorias.php(65): CodeIgniter\Debug\Exceptions->errorHandler(4096, 'Object of class...', '/var/www/html/p...', 65, Array)
#1 /var/www/html/proyectoModulo6/system/CodeIgniter.php(824): App\Controllers\Categorias->show('2')
#2 /var/www/html/proyectoModulo6/system/CodeIgniter.php(410): CodeIgniter\CodeIgniter->runController(Object(App\Controllers\Categorias))
#3 /var/www/html/proyectoModulo6/system/CodeIgniter.php(318): CodeIgniter\CodeIgniter->handleRequest(NULL, Object(Config\Cache), false)
#4 /var/www/html/proyectoModulo6/public/index.php(37): CodeIgniter\CodeIgniter->run()
#5 /var/www/html/proyectoModulo6/system/Commands/Server/rewrite.php(43): require_once('/var/www/html/p...')
#6 {main}
CRITICAL - 2021-12-02 19:47:35 --> Object of class App\Entities\Categoria could not be converted to string
#0 /var/www/html/proyectoModulo6/app/Controllers/Categorias.php(65): CodeIgniter\Debug\Exceptions->errorHandler(4096, 'Object of class...', '/var/www/html/p...', 65, Array)
#1 /var/www/html/proyectoModulo6/system/CodeIgniter.php(824): App\Controllers\Categorias->show('2')
#2 /var/www/html/proyectoModulo6/system/CodeIgniter.php(410): CodeIgniter\CodeIgniter->runController(Object(App\Controllers\Categorias))
#3 /var/www/html/proyectoModulo6/system/CodeIgniter.php(318): CodeIgniter\CodeIgniter->handleRequest(NULL, Object(Config\Cache), false)
#4 /var/www/html/proyectoModulo6/public/index.php(37): CodeIgniter\CodeIgniter->run()
#5 /var/www/html/proyectoModulo6/system/Commands/Server/rewrite.php(43): require_once('/var/www/html/p...')
#6 {main}
CRITICAL - 2021-12-02 20:27:35 --> Undefined property: App\Controllers\Clientes::$categorias
#0 /var/www/html/proyectoModulo6/app/Controllers/Clientes.php(64): CodeIgniter\Debug\Exceptions->errorHandler(8, 'Undefined prope...', '/var/www/html/p...', 64, Array)
#1 /var/www/html/proyectoModulo6/system/CodeIgniter.php(824): App\Controllers\Clientes->update()
#2 /var/www/html/proyectoModulo6/system/CodeIgniter.php(410): CodeIgniter\CodeIgniter->runController(Object(App\Controllers\Clientes))
#3 /var/www/html/proyectoModulo6/system/CodeIgniter.php(318): CodeIgniter\CodeIgniter->handleRequest(NULL, Object(Config\Cache), false)
#4 /var/www/html/proyectoModulo6/public/index.php(37): CodeIgniter\CodeIgniter->run()
#5 /var/www/html/proyectoModulo6/system/Commands/Server/rewrite.php(43): require_once('/var/www/html/p...')
#6 {main}
CRITICAL - 2021-12-02 20:27:56 --> Undefined property: App\Controllers\Clientes::$categorias
#0 /var/www/html/proyectoModulo6/app/Controllers/Clientes.php(64): CodeIgniter\Debug\Exceptions->errorHandler(8, 'Undefined prope...', '/var/www/html/p...', 64, Array)
#1 /var/www/html/proyectoModulo6/system/CodeIgniter.php(824): App\Controllers\Clientes->update()
#2 /var/www/html/proyectoModulo6/system/CodeIgniter.php(410): CodeIgniter\CodeIgniter->runController(Object(App\Controllers\Clientes))
#3 /var/www/html/proyectoModulo6/system/CodeIgniter.php(318): CodeIgniter\CodeIgniter->handleRequest(NULL, Object(Config\Cache), false)
#4 /var/www/html/proyectoModulo6/public/index.php(37): CodeIgniter\CodeIgniter->run()
#5 /var/www/html/proyectoModulo6/system/Commands/Server/rewrite.php(43): require_once('/var/www/html/p...')
#6 {main}
CRITICAL - 2021-12-02 20:28:03 --> Undefined property: App\Controllers\Clientes::$categorias
#0 /var/www/html/proyectoModulo6/app/Controllers/Clientes.php(64): CodeIgniter\Debug\Exceptions->errorHandler(8, 'Undefined prope...', '/var/www/html/p...', 64, Array)
#1 /var/www/html/proyectoModulo6/system/CodeIgniter.php(824): App\Controllers\Clientes->update()
#2 /var/www/html/proyectoModulo6/system/CodeIgniter.php(410): CodeIgniter\CodeIgniter->runController(Object(App\Controllers\Clientes))
#3 /var/www/html/proyectoModulo6/system/CodeIgniter.php(318): CodeIgniter\CodeIgniter->handleRequest(NULL, Object(Config\Cache), false)
#4 /var/www/html/proyectoModulo6/public/index.php(37): CodeIgniter\CodeIgniter->run()
#5 /var/www/html/proyectoModulo6/system/Commands/Server/rewrite.php(43): require_once('/var/www/html/p...')
#6 {main}
CRITICAL - 2021-12-02 20:29:16 --> Class 'App\Controllers\PaquetesModel' not found
#0 /var/www/html/proyectoModulo6/system/CodeIgniter.php(801): App\Controllers\Paquetes->__construct()
#1 /var/www/html/proyectoModulo6/system/CodeIgniter.php(401): CodeIgniter\CodeIgniter->createController()
#2 /var/www/html/proyectoModulo6/system/CodeIgniter.php(318): CodeIgniter\CodeIgniter->handleRequest(NULL, Object(Config\Cache), false)
#3 /var/www/html/proyectoModulo6/public/index.php(37): CodeIgniter\CodeIgniter->run()
#4 /var/www/html/proyectoModulo6/system/Commands/Server/rewrite.php(43): require_once('/var/www/html/p...')
#5 {main}
CRITICAL - 2021-12-02 20:30:07 --> Class 'App\Controllers\PaquetesModel' not found
#0 /var/www/html/proyectoModulo6/system/CodeIgniter.php(801): App\Controllers\Paquetes->__construct()
#1 /var/www/html/proyectoModulo6/system/CodeIgniter.php(401): CodeIgniter\CodeIgniter->createController()
#2 /var/www/html/proyectoModulo6/system/CodeIgniter.php(318): CodeIgniter\CodeIgniter->handleRequest(NULL, Object(Config\Cache), false)
#3 /var/www/html/proyectoModulo6/public/index.php(37): CodeIgniter\CodeIgniter->run()
#4 /var/www/html/proyectoModulo6/system/Commands/Server/rewrite.php(43): require_once('/var/www/html/p...')
#5 {main}
CRITICAL - 2021-12-02 20:30:08 --> Class 'App\Controllers\PaquetesModel' not found
#0 /var/www/html/proyectoModulo6/system/CodeIgniter.php(801): App\Controllers\Paquetes->__construct()
#1 /var/www/html/proyectoModulo6/system/CodeIgniter.php(401): CodeIgniter\CodeIgniter->createController()
#2 /var/www/html/proyectoModulo6/system/CodeIgniter.php(318): CodeIgniter\CodeIgniter->handleRequest(NULL, Object(Config\Cache), false)
#3 /var/www/html/proyectoModulo6/public/index.php(37): CodeIgniter\CodeIgniter->run()
#4 /var/www/html/proyectoModulo6/system/Commands/Server/rewrite.php(43): require_once('/var/www/html/p...')
#5 {main}
CRITICAL - 2021-12-02 20:30:08 --> Class 'App\Controllers\PaquetesModel' not found
#0 /var/www/html/proyectoModulo6/system/CodeIgniter.php(801): App\Controllers\Paquetes->__construct()
#1 /var/www/html/proyectoModulo6/system/CodeIgniter.php(401): CodeIgniter\CodeIgniter->createController()
#2 /var/www/html/proyectoModulo6/system/CodeIgniter.php(318): CodeIgniter\CodeIgniter->handleRequest(NULL, Object(Config\Cache), false)
#3 /var/www/html/proyectoModulo6/public/index.php(37): CodeIgniter\CodeIgniter->run()
#4 /var/www/html/proyectoModulo6/system/Commands/Server/rewrite.php(43): require_once('/var/www/html/p...')
#5 {main}
CRITICAL - 2021-12-02 20:30:08 --> Class 'App\Controllers\PaquetesModel' not found
#0 /var/www/html/proyectoModulo6/system/CodeIgniter.php(801): App\Controllers\Paquetes->__construct()
#1 /var/www/html/proyectoModulo6/system/CodeIgniter.php(401): CodeIgniter\CodeIgniter->createController()
#2 /var/www/html/proyectoModulo6/system/CodeIgniter.php(318): CodeIgniter\CodeIgniter->handleRequest(NULL, Object(Config\Cache), false)
#3 /var/www/html/proyectoModulo6/public/index.php(37): CodeIgniter\CodeIgniter->run()
#4 /var/www/html/proyectoModulo6/system/Commands/Server/rewrite.php(43): require_once('/var/www/html/p...')
#5 {main}
CRITICAL - 2021-12-02 20:30:09 --> Class 'App\Controllers\PaquetesModel' not found
#0 /var/www/html/proyectoModulo6/system/CodeIgniter.php(801): App\Controllers\Paquetes->__construct()
#1 /var/www/html/proyectoModulo6/system/CodeIgniter.php(401): CodeIgniter\CodeIgniter->createController()
#2 /var/www/html/proyectoModulo6/system/CodeIgniter.php(318): CodeIgniter\CodeIgniter->handleRequest(NULL, Object(Config\Cache), false)
#3 /var/www/html/proyectoModulo6/public/index.php(37): CodeIgniter\CodeIgniter->run()
#4 /var/www/html/proyectoModulo6/system/Commands/Server/rewrite.php(43): require_once('/var/www/html/p...')
#5 {main}
CRITICAL - 2021-12-02 20:30:09 --> Class 'App\Controllers\PaquetesModel' not found
#0 /var/www/html/proyectoModulo6/system/CodeIgniter.php(801): App\Controllers\Paquetes->__construct()
#1 /var/www/html/proyectoModulo6/system/CodeIgniter.php(401): CodeIgniter\CodeIgniter->createController()
#2 /var/www/html/proyectoModulo6/system/CodeIgniter.php(318): CodeIgniter\CodeIgniter->handleRequest(NULL, Object(Config\Cache), false)
#3 /var/www/html/proyectoModulo6/public/index.php(37): CodeIgniter\CodeIgniter->run()
#4 /var/www/html/proyectoModulo6/system/Commands/Server/rewrite.php(43): require_once('/var/www/html/p...')
#5 {main}
CRITICAL - 2021-12-02 20:30:35 --> Undefined variable: clientes
#0 /var/www/html/proyectoModulo6/app/Views/paquetes/agregar.php(42): CodeIgniter\Debug\Exceptions->errorHandler(8, 'Undefined varia...', '/var/www/html/p...', 42, Array)
#1 /var/www/html/proyectoModulo6/system/View/View.php(214): include('/var/www/html/p...')
#2 /var/www/html/proyectoModulo6/system/View/View.php(217): CodeIgniter\View\View->CodeIgniter\View\{closure}()
#3 /var/www/html/proyectoModulo6/system/Common.php(1097): CodeIgniter\View\View->render('paquetes/agrega...', Array, true)
#4 /var/www/html/proyectoModulo6/app/Helpers/layout_helper.php(9): view('paquetes/agrega...', Array)
#5 /var/www/html/proyectoModulo6/app/Controllers/Paquetes.php(23): layout('paquetes/agrega...', Array, Array, Object(App\Controllers\Paquetes))
#6 /var/www/html/proyectoModulo6/system/CodeIgniter.php(824): App\Controllers\Paquetes->index()
#7 /var/www/html/proyectoModulo6/system/CodeIgniter.php(410): CodeIgniter\CodeIgniter->runController(Object(App\Controllers\Paquetes))
#8 /var/www/html/proyectoModulo6/system/CodeIgniter.php(318): CodeIgniter\CodeIgniter->handleRequest(NULL, Object(Config\Cache), false)
#9 /var/www/html/proyectoModulo6/public/index.php(37): CodeIgniter\CodeIgniter->run()
#10 /var/www/html/proyectoModulo6/system/Commands/Server/rewrite.php(43): require_once('/var/www/html/p...')
#11 {main}
CRITICAL - 2021-12-02 20:30:38 --> Undefined variable: clientes
#0 /var/www/html/proyectoModulo6/app/Views/paquetes/agregar.php(42): CodeIgniter\Debug\Exceptions->errorHandler(8, 'Undefined varia...', '/var/www/html/p...', 42, Array)
#1 /var/www/html/proyectoModulo6/system/View/View.php(214): include('/var/www/html/p...')
#2 /var/www/html/proyectoModulo6/system/View/View.php(217): CodeIgniter\View\View->CodeIgniter\View\{closure}()
#3 /var/www/html/proyectoModulo6/system/Common.php(1097): CodeIgniter\View\View->render('paquetes/agrega...', Array, true)
#4 /var/www/html/proyectoModulo6/app/Helpers/layout_helper.php(9): view('paquetes/agrega...', Array)
#5 /var/www/html/proyectoModulo6/app/Controllers/Paquetes.php(23): layout('paquetes/agrega...', Array, Array, Object(App\Controllers\Paquetes))
#6 /var/www/html/proyectoModulo6/system/CodeIgniter.php(824): App\Controllers\Paquetes->index()
#7 /var/www/html/proyectoModulo6/system/CodeIgniter.php(410): CodeIgniter\CodeIgniter->runController(Object(App\Controllers\Paquetes))
#8 /var/www/html/proyectoModulo6/system/CodeIgniter.php(318): CodeIgniter\CodeIgniter->handleRequest(NULL, Object(Config\Cache), false)
#9 /var/www/html/proyectoModulo6/public/index.php(37): CodeIgniter\CodeIgniter->run()
#10 /var/www/html/proyectoModulo6/system/Commands/Server/rewrite.php(43): require_once('/var/www/html/p...')
#11 {main}
